Command line invocation:
    /Applications/Xcode.app/Contents/Developer/usr/bin/xcodebuild build -scheme TrafficMaster -destination "platform=iOS Simulator,name=iPhone 17 Pro"

2026-03-21 22:28:13.792 xcodebuild[14887:416734] [MT] IDERunDestination: Supported platforms for the buildables in the current scheme is empty.
ComputePackagePrebuildTargetDependencyGraph

Prepare packages

CreateBuildRequest

SendProjectDescription

CreateBuildOperation

ComputeTargetDependencyGraph
note: Building targets in dependency order
note: Target dependency graph (1 target)
    Target 'TrafficMaster' in project 'TrafficMaster' (no dependencies)

GatherProvisioningInputs

CreateBuildDescription

ExecuteExternalTool /Applications/Xcode.app/Contents/Developer/Toolchains/XcodeDefault.xctoolchain/usr/bin/clang -v -E -dM -isysroot /Applications/Xcode.app/Contents/Developer/Platforms/iPhoneSimulator.platform/Developer/SDKs/iPhoneSimulator26.2.sdk -x c -c /dev/null

ExecuteExternalTool /Applications/Xcode.app/Contents/Developer/usr/bin/actool --print-asset-tag-combinations --output-format xml1 /Users/vlad/TM/TrafficMaster/TrafficMaster/Assets.xcassets /Users/vlad/TM/TrafficMaster/TrafficMaster/TrafficMaster.icon

ExecuteExternalTool /Applications/Xcode.app/Contents/Developer/usr/bin/actool --version --output-format xml1

ExecuteExternalTool /Applications/Xcode.app/Contents/Developer/Toolchains/XcodeDefault.xctoolchain/usr/bin/swiftc --version

ExecuteExternalTool /Applications/Xcode.app/Contents/Developer/Toolchains/XcodeDefault.xctoolchain/usr/bin/ld -version_details

Build description signature: 4cde294602aaab78abe8878816788d6b
Build description path: /Users/vlad/Library/Developer/Xcode/DerivedData/TrafficMaster-bzdzracxhgtlmjfmrcrpahsiiiws/Build/Intermediates.noindex/XCBuildData/4cde294602aaab78abe8878816788d6b.xcbuilddata
ClangStatCache /Applications/Xcode.app/Contents/Developer/Toolchains/XcodeDefault.xctoolchain/usr/bin/clang-stat-cache /Applications/Xcode.app/Contents/Developer/Platforms/iPhoneSimulator.platform/Developer/SDKs/iPhoneSimulator26.2.sdk /Users/vlad/Library/Developer/Xcode/DerivedData/SDKStatCaches.noindex/iphonesimulator26.2-23C57-7d00a8b37fbd7999ea79df8ebc024bf0.sdkstatcache
    cd /Users/vlad/TM/TrafficMaster/TrafficMaster.xcodeproj
    /Applications/Xcode.app/Contents/Developer/Toolchains/XcodeDefault.xctoolchain/usr/bin/clang-stat-cache /Applications/Xcode.app/Contents/Developer/Platforms/iPhoneSimulator.platform/Developer/SDKs/iPhoneSimulator26.2.sdk -o /Users/vlad/Library/Developer/Xcode/DerivedData/SDKStatCaches.noindex/iphonesimulator26.2-23C57-7d00a8b37fbd7999ea79df8ebc024bf0.sdkstatcache

note: Removed stale file '/Users/vlad/Library/Developer/Xcode/DerivedData/TrafficMaster-bzdzracxhgtlmjfmrcrpahsiiiws/Build/Intermediates.noindex/TrafficMaster.build/Debug-iphonesimulator/TrafficMaster.build/Objects-normal/arm64/MockData.o'

note: Removed stale file '/Users/vlad/Library/Developer/Xcode/DerivedData/TrafficMaster-bzdzracxhgtlmjfmrcrpahsiiiws/Build/Intermediates.noindex/TrafficMaster.build/Debug-iphonesimulator/TrafficMaster.build/Objects-normal/arm64/MockData.stringsdata'

note: Removed stale file '/Users/vlad/Library/Developer/Xcode/DerivedData/TrafficMaster-bzdzracxhgtlmjfmrcrpahsiiiws/Build/Intermediates.noindex/TrafficMaster.build/Debug-iphonesimulator/TrafficMaster.build/Objects-normal/arm64/MockData.swiftconstvalues'

note: Removed stale file '/Users/vlad/Library/Developer/Xcode/DerivedData/TrafficMaster-bzdzracxhgtlmjfmrcrpahsiiiws/Build/Intermediates.noindex/TrafficMaster.build/Debug-iphonesimulator/TrafficMaster.build/Objects-normal/arm64/SplashView.o'

note: Removed stale file '/Users/vlad/Library/Developer/Xcode/DerivedData/TrafficMaster-bzdzracxhgtlmjfmrcrpahsiiiws/Build/Intermediates.noindex/TrafficMaster.build/Debug-iphonesimulator/TrafficMaster.build/Objects-normal/arm64/SplashView.stringsdata'

note: Removed stale file '/Users/vlad/Library/Developer/Xcode/DerivedData/TrafficMaster-bzdzracxhgtlmjfmrcrpahsiiiws/Build/Intermediates.noindex/TrafficMaster.build/Debug-iphonesimulator/TrafficMaster.build/Objects-normal/arm64/SplashView.swiftconstvalues'

WriteAuxiliaryFile /Users/vlad/Library/Developer/Xcode/DerivedData/TrafficMaster-bzdzracxhgtlmjfmrcrpahsiiiws/Build/Intermediates.noindex/TrafficMaster.build/Debug-iphonesimulator/TrafficMaster.build/Objects-normal/arm64/TrafficMaster.SwiftConstValuesFileList (in target 'TrafficMaster' from project 'TrafficMaster')
    cd /Users/vlad/TM/TrafficMaster
    write-file /Users/vlad/Library/Developer/Xcode/DerivedData/TrafficMaster-bzdzracxhgtlmjfmrcrpahsiiiws/Build/Intermediates.noindex/TrafficMaster.build/Debug-iphonesimulator/TrafficMaster.build/Objects-normal/arm64/TrafficMaster.SwiftConstValuesFileList

WriteAuxiliaryFile /Users/vlad/Library/Developer/Xcode/DerivedData/TrafficMaster-bzdzracxhgtlmjfmrcrpahsiiiws/Build/Intermediates.noindex/TrafficMaster.build/Debug-iphonesimulator/TrafficMaster.build/Objects-normal/arm64/TrafficMaster-OutputFileMap.json (in target 'TrafficMaster' from project 'TrafficMaster')
    cd /Users/vlad/TM/TrafficMaster
    write-file /Users/vlad/Library/Developer/Xcode/DerivedData/TrafficMaster-bzdzracxhgtlmjfmrcrpahsiiiws/Build/Intermediates.noindex/TrafficMaster.build/Debug-iphonesimulator/TrafficMaster.build/Objects-normal/arm64/TrafficMaster-OutputFileMap.json

WriteAuxiliaryFile /Users/vlad/Library/Developer/Xcode/DerivedData/TrafficMaster-bzdzracxhgtlmjfmrcrpahsiiiws/Build/Intermediates.noindex/TrafficMaster.build/Debug-iphonesimulator/TrafficMaster.build/Objects-normal/arm64/TrafficMaster.LinkFileList (in target 'TrafficMaster' from project 'TrafficMaster')
    cd /Users/vlad/TM/TrafficMaster
    write-file /Users/vlad/Library/Developer/Xcode/DerivedData/TrafficMaster-bzdzracxhgtlmjfmrcrpahsiiiws/Build/Intermediates.noindex/TrafficMaster.build/Debug-iphonesimulator/TrafficMaster.build/Objects-normal/arm64/TrafficMaster.LinkFileList

WriteAuxiliaryFile /Users/vlad/Library/Developer/Xcode/DerivedData/TrafficMaster-bzdzracxhgtlmjfmrcrpahsiiiws/Build/Intermediates.noindex/TrafficMaster.build/Debug-iphonesimulator/TrafficMaster.build/Objects-normal/arm64/TrafficMaster.SwiftFileList (in target 'TrafficMaster' from project 'TrafficMaster')
    cd /Users/vlad/TM/TrafficMaster
    write-file /Users/vlad/Library/Developer/Xcode/DerivedData/TrafficMaster-bzdzracxhgtlmjfmrcrpahsiiiws/Build/Intermediates.noindex/TrafficMaster.build/Debug-iphonesimulator/TrafficMaster.build/Objects-normal/arm64/TrafficMaster.SwiftFileList

ProcessProductPackaging "" /Users/vlad/Library/Developer/Xcode/DerivedData/TrafficMaster-bzdzracxhgtlmjfmrcrpahsiiiws/Build/Intermediates.noindex/TrafficMaster.build/Debug-iphonesimulator/TrafficMaster.build/TrafficMaster.app-Simulated.xcent (in target 'TrafficMaster' from project 'TrafficMaster')
    cd /Users/vlad/TM/TrafficMaster
    
    Entitlements:
    
    {
    "application-identifier" = "Y85TSUMM4F.OrDinaD.TrafficMaster";
}
    
    builtin-productPackagingUtility -entitlements -format xml -o /Users/vlad/Library/Developer/Xcode/DerivedData/TrafficMaster-bzdzracxhgtlmjfmrcrpahsiiiws/Build/Intermediates.noindex/TrafficMaster.build/Debug-iphonesimulator/TrafficMaster.build/TrafficMaster.app-Simulated.xcent

ProcessProductPackagingDER /Users/vlad/Library/Developer/Xcode/DerivedData/TrafficMaster-bzdzracxhgtlmjfmrcrpahsiiiws/Build/Intermediates.noindex/TrafficMaster.build/Debug-iphonesimulator/TrafficMaster.build/TrafficMaster.app-Simulated.xcent /Users/vlad/Library/Developer/Xcode/DerivedData/TrafficMaster-bzdzracxhgtlmjfmrcrpahsiiiws/Build/Intermediates.noindex/TrafficMaster.build/Debug-iphonesimulator/TrafficMaster.build/TrafficMaster.app-Simulated.xcent.der (in target 'TrafficMaster' from project 'TrafficMaster')
    cd /Users/vlad/TM/TrafficMaster
    /usr/bin/derq query -f xml -i /Users/vlad/Library/Developer/Xcode/DerivedData/TrafficMaster-bzdzracxhgtlmjfmrcrpahsiiiws/Build/Intermediates.noindex/TrafficMaster.build/Debug-iphonesimulator/TrafficMaster.build/TrafficMaster.app-Simulated.xcent -o /Users/vlad/Library/Developer/Xcode/DerivedData/TrafficMaster-bzdzracxhgtlmjfmrcrpahsiiiws/Build/Intermediates.noindex/TrafficMaster.build/Debug-iphonesimulator/TrafficMaster.build/TrafficMaster.app-Simulated.xcent.der --raw

GenerateAssetSymbols /Users/vlad/TM/TrafficMaster/TrafficMaster/Assets.xcassets /Users/vlad/TM/TrafficMaster/TrafficMaster/TrafficMaster.icon (in target 'TrafficMaster' from project 'TrafficMaster')
    cd /Users/vlad/TM/TrafficMaster
    /Applications/Xcode.app/Contents/Developer/usr/bin/actool /Users/vlad/TM/TrafficMaster/TrafficMaster/Assets.xcassets /Users/vlad/TM/TrafficMaster/TrafficMaster/TrafficMaster.icon --compile /Users/vlad/Library/Developer/Xcode/DerivedData/TrafficMaster-bzdzracxhgtlmjfmrcrpahsiiiws/Build/Products/Debug-iphonesimulator/TrafficMaster.app --output-format human-readable-text --notices --warnings --export-dependency-info /Users/vlad/Library/Developer/Xcode/DerivedData/TrafficMaster-bzdzracxhgtlmjfmrcrpahsiiiws/Build/Intermediates.noindex/TrafficMaster.build/Debug-iphonesimulator/TrafficMaster.build/assetcatalog_dependencies --output-partial-info-plist /Users/vlad/Library/Developer/Xcode/DerivedData/TrafficMaster-bzdzracxhgtlmjfmrcrpahsiiiws/Build/Intermediates.noindex/TrafficMaster.build/Debug-iphonesimulator/TrafficMaster.build/assetcatalog_generated_info.plist --app-icon TrafficMaster --accent-color AccentColor --compress-pngs --enable-on-demand-resources YES --development-region en --target-device iphone --target-device ipad --minimum-deployment-target 26.2 --platform iphonesimulator --bundle-identifier OrDinaD.TrafficMaster --generate-swift-asset-symbols /Users/vlad/Library/Developer/Xcode/DerivedData/TrafficMaster-bzdzracxhgtlmjfmrcrpahsiiiws/Build/Intermediates.noindex/TrafficMaster.build/Debug-iphonesimulator/TrafficMaster.build/DerivedSources/GeneratedAssetSymbols.swift --generate-objc-asset-symbols /Users/vlad/Library/Developer/Xcode/DerivedData/TrafficMaster-bzdzracxhgtlmjfmrcrpahsiiiws/Build/Intermediates.noindex/TrafficMaster.build/Debug-iphonesimulator/TrafficMaster.build/DerivedSources/GeneratedAssetSymbols.h --generate-asset-symbol-index /Users/vlad/Library/Developer/Xcode/DerivedData/TrafficMaster-bzdzracxhgtlmjfmrcrpahsiiiws/Build/Intermediates.noindex/TrafficMaster.build/Debug-iphonesimulator/TrafficMaster.build/DerivedSources/GeneratedAssetSymbols-Index.plist
/* com.apple.actool.compilation-results */
/Users/vlad/Library/Developer/Xcode/DerivedData/TrafficMaster-bzdzracxhgtlmjfmrcrpahsiiiws/Build/Intermediates.noindex/TrafficMaster.build/Debug-iphonesimulator/TrafficMaster.build/DerivedSources/GeneratedAssetSymbols-Index.plist
/Users/vlad/Library/Developer/Xcode/DerivedData/TrafficMaster-bzdzracxhgtlmjfmrcrpahsiiiws/Build/Intermediates.noindex/TrafficMaster.build/Debug-iphonesimulator/TrafficMaster.build/DerivedSources/GeneratedAssetSymbols.h
/Users/vlad/Library/Developer/Xcode/DerivedData/TrafficMaster-bzdzracxhgtlmjfmrcrpahsiiiws/Build/Intermediates.noindex/TrafficMaster.build/Debug-iphonesimulator/TrafficMaster.build/DerivedSources/GeneratedAssetSymbols.swift


Ld /Users/vlad/Library/Developer/Xcode/DerivedData/TrafficMaster-bzdzracxhgtlmjfmrcrpahsiiiws/Build/Products/Debug-iphonesimulator/TrafficMaster.app/__preview.dylib normal (in target 'TrafficMaster' from project 'TrafficMaster')
    cd /Users/vlad/TM/TrafficMaster
    /Applications/Xcode.app/Contents/Developer/Toolchains/XcodeDefault.xctoolchain/usr/bin/clang -Xlinker -reproducible -target arm64-apple-ios26.2-simulator -dynamiclib -isysroot /Applications/Xcode.app/Contents/Developer/Platforms/iPhoneSimulator.platform/Developer/SDKs/iPhoneSimulator26.2.sdk -O0 -L/Users/vlad/Library/Developer/Xcode/DerivedData/TrafficMaster-bzdzracxhgtlmjfmrcrpahsiiiws/Build/Products/Debug-iphonesimulator -F/Users/vlad/Library/Developer/Xcode/DerivedData/TrafficMaster-bzdzracxhgtlmjfmrcrpahsiiiws/Build/Products/Debug-iphonesimulator -install_name @rpath/TrafficMaster.debug.dylib -dead_strip -rdynamic -Xlinker -no_deduplicate -Xlinker -objc_abi_version -Xlinker 2 -Xlinker -dependency_info -Xlinker /Users/vlad/Library/Developer/Xcode/DerivedData/TrafficMaster-bzdzracxhgtlmjfmrcrpahsiiiws/Build/Intermediates.noindex/TrafficMaster.build/Debug-iphonesimulator/TrafficMaster.build/Objects-normal/arm64/TrafficMaster_dependency_info.dat -Xlinker -sectcreate -Xlinker __TEXT -Xlinker __entitlements -Xlinker /Users/vlad/Library/Developer/Xcode/DerivedData/TrafficMaster-bzdzracxhgtlmjfmrcrpahsiiiws/Build/Intermediates.noindex/TrafficMaster.build/Debug-iphonesimulator/TrafficMaster.build/TrafficMaster.app-Simulated.xcent -Xlinker -sectcreate -Xlinker __TEXT -Xlinker __ents_der -Xlinker /Users/vlad/Library/Developer/Xcode/DerivedData/TrafficMaster-bzdzracxhgtlmjfmrcrpahsiiiws/Build/Intermediates.noindex/TrafficMaster.build/Debug-iphonesimulator/TrafficMaster.build/TrafficMaster.app-Simulated.xcent.der -Xlinker -no_adhoc_codesign -o /Users/vlad/Library/Developer/Xcode/DerivedData/TrafficMaster-bzdzracxhgtlmjfmrcrpahsiiiws/Build/Products/Debug-iphonesimulator/TrafficMaster.app/__preview.dylib

CompileAssetCatalogVariant thinned /Users/vlad/Library/Developer/Xcode/DerivedData/TrafficMaster-bzdzracxhgtlmjfmrcrpahsiiiws/Build/Products/Debug-iphonesimulator/TrafficMaster.app /Users/vlad/TM/TrafficMaster/TrafficMaster/Assets.xcassets /Users/vlad/TM/TrafficMaster/TrafficMaster/TrafficMaster.icon (in target 'TrafficMaster' from project 'TrafficMaster')
    cd /Users/vlad/TM/TrafficMaster
    /Applications/Xcode.app/Contents/Developer/usr/bin/actool /Users/vlad/TM/TrafficMaster/TrafficMaster/Assets.xcassets /Users/vlad/TM/TrafficMaster/TrafficMaster/TrafficMaster.icon --compile /Users/vlad/Library/Developer/Xcode/DerivedData/TrafficMaster-bzdzracxhgtlmjfmrcrpahsiiiws/Build/Intermediates.noindex/TrafficMaster.build/Debug-iphonesimulator/TrafficMaster.build/assetcatalog_output/thinned --output-format human-readable-text --notices --warnings --export-dependency-info /Users/vlad/Library/Developer/Xcode/DerivedData/TrafficMaster-bzdzracxhgtlmjfmrcrpahsiiiws/Build/Intermediates.noindex/TrafficMaster.build/Debug-iphonesimulator/TrafficMaster.build/assetcatalog_dependencies_thinned --output-partial-info-plist /Users/vlad/Library/Developer/Xcode/DerivedData/TrafficMaster-bzdzracxhgtlmjfmrcrpahsiiiws/Build/Intermediates.noindex/TrafficMaster.build/Debug-iphonesimulator/TrafficMaster.build/assetcatalog_generated_info.plist_thinned --app-icon TrafficMaster --accent-color AccentColor --compress-pngs --enable-on-demand-resources YES --filter-for-thinning-device-configuration iPhone18,1 --filter-for-device-os-version 26.2 --development-region en --target-device iphone --target-device ipad --minimum-deployment-target 26.2 --platform iphonesimulator
/Users/vlad/Library/Developer/Xcode/DerivedData/TrafficMaster-bzdzracxhgtlmjfmrcrpahsiiiws/Build/Intermediates.noindex/TrafficMaster.build/Debug-iphonesimulator/TrafficMaster.build/DerivedSources/GeneratedAssetSymbols.swift:5326:14: warning: The "ap2.1.25.1" image asset name resolves to the symbol "ap21251" which already exists. Try renaming the asset.
    #warning("The \"ap2.1.25.1\" image asset name resolves to the symbol \"ap21251\" which already exists. Try renaming the asset.")
             ^~~~~~~~~~~~~~~~~~~~~~~~~~~~~~~~~~~~~~~~~~~~~~~~~~~~~~~~~~~~~~~~~~~~~~~~~~~~~~~~~~~~~~~~~~~~~~~~~~~~~~~~~~~~~~~~~~~~~~
/Users/vlad/Library/Developer/Xcode/DerivedData/TrafficMaster-bzdzracxhgtlmjfmrcrpahsiiiws/Build/Intermediates.noindex/TrafficMaster.build/Debug-iphonesimulator/TrafficMaster.build/DerivedSources/GeneratedAssetSymbols.swift:5643:14: warning: The "ap2.3.15.1" image asset name resolves to the symbol "ap23151" which already exists. Try renaming the asset.
    #warning("The \"ap2.3.15.1\" image asset name resolves to the symbol \"ap23151\" which already exists. Try renaming the asset.")
             ^~~~~~~~~~~~~~~~~~~~~~~~~~~~~~~~~~~~~~~~~~~~~~~~~~~~~~~~~~~~~~~~~~~~~~~~~~~~~~~~~~~~~~~~~~~~~~~~~~~~~~~~~~~~~~~~~~~~~~
/Users/vlad/Library/Developer/Xcode/DerivedData/TrafficMaster-bzdzracxhgtlmjfmrcrpahsiiiws/Build/Intermediates.noindex/TrafficMaster.build/Debug-iphonesimulator/TrafficMaster.build/DerivedSources/GeneratedAssetSymbols.swift:5744:14: warning: The "ap2.3.26.1" image asset name resolves to the symbol "ap23261" which already exists. Try renaming the asset.
    #warning("The \"ap2.3.26.1\" image asset name resolves to the symbol \"ap23261\" which already exists. Try renaming the asset.")
             ^~~~~~~~~~~~~~~~~~~~~~~~~~~~~~~~~~~~~~~~~~~~~~~~~~~~~~~~~~~~~~~~~~~~~~~~~~~~~~~~~~~~~~~~~~~~~~~~~~~~~~~~~~~~~~~~~~~~~~
/Users/vlad/Library/Developer/Xcode/DerivedData/TrafficMaster-bzdzracxhgtlmjfmrcrpahsiiiws/Build/Intermediates.noindex/TrafficMaster.build/Debug-iphonesimulator/TrafficMaster.build/DerivedSources/GeneratedAssetSymbols.swift:6160:14: warning: The "ap2.5.25.1" image asset name resolves to the symbol "ap25251" which already exists. Try renaming the asset.
    #warning("The \"ap2.5.25.1\" image asset name resolves to the symbol \"ap25251\" which already exists. Try renaming the asset.")
             ^~~~~~~~~~~~~~~~~~~~~~~~~~~~~~~~~~~~~~~~~~~~~~~~~~~~~~~~~~~~~~~~~~~~~~~~~~~~~~~~~~~~~~~~~~~~~~~~~~~~~~~~~~~~~~~~~~~~~~
/Users/vlad/Library/Developer/Xcode/DerivedData/TrafficMaster-bzdzracxhgtlmjfmrcrpahsiiiws/Build/Intermediates.noindex/TrafficMaster.build/Debug-iphonesimulator/TrafficMaster.build/DerivedSources/GeneratedAssetSymbols.swift:6162:14: warning: The "ap2.5.25.2" image asset name resolves to the symbol "ap25252" which already exists. Try renaming the asset.
    #warning("The \"ap2.5.25.2\" image asset name resolves to the symbol \"ap25252\" which already exists. Try renaming the asset.")
             ^~~~~~~~~~~~~~~~~~~~~~~~~~~~~~~~~~~~~~~~~~~~~~~~~~~~~~~~~~~~~~~~~~~~~~~~~~~~~~~~~~~~~~~~~~~~~~~~~~~~~~~~~~~~~~~~~~~~~~
/Users/vlad/Library/Developer/Xcode/DerivedData/TrafficMaster-bzdzracxhgtlmjfmrcrpahsiiiws/Build/Intermediates.noindex/TrafficMaster.build/Debug-iphonesimulator/TrafficMaster.build/DerivedSources/GeneratedAssetSymbols.swift:6167:14: warning: The "ap2.5.26.1" image asset name resolves to the symbol "ap25261" which already exists. Try renaming the asset.
    #warning("The \"ap2.5.26.1\" image asset name resolves to the symbol \"ap25261\" which already exists. Try renaming the asset.")
             ^~~~~~~~~~~~~~~~~~~~~~~~~~~~~~~~~~~~~~~~~~~~~~~~~~~~~~~~~~~~~~~~~~~~~~~~~~~~~~~~~~~~~~~~~~~~~~~~~~~~~~~~~~~~~~~~~~~~~~
/Users/vlad/Library/Developer/Xcode/DerivedData/TrafficMaster-bzdzracxhgtlmjfmrcrpahsiiiws/Build/Intermediates.noindex/TrafficMaster.build/Debug-iphonesimulator/TrafficMaster.build/DerivedSources/GeneratedAssetSymbols.swift:6235:14: warning: The "ap2.5.36.1" image asset name resolves to the symbol "ap25361" which already exists. Try renaming the asset.
    #warning("The \"ap2.5.36.1\" image asset name resolves to the symbol \"ap25361\" which already exists. Try renaming the asset.")
             ^~~~~~~~~~~~~~~~~~~~~~~~~~~~~~~~~~~~~~~~~~~~~~~~~~~~~~~~~~~~~~~~~~~~~~~~~~~~~~~~~~~~~~~~~~~~~~~~~~~~~~~~~~~~~~~~~~~~~~
/Users/vlad/Library/Developer/Xcode/DerivedData/TrafficMaster-bzdzracxhgtlmjfmrcrpahsiiiws/Build/Intermediates.noindex/TrafficMaster.build/Debug-iphonesimulator/TrafficMaster.build/DerivedSources/GeneratedAssetSymbols.swift:6381:14: warning: The "ap2.7.15.1" image asset name resolves to the symbol "ap27151" which already exists. Try renaming the asset.
    #warning("The \"ap2.7.15.1\" image asset name resolves to the symbol \"ap27151\" which already exists. Try renaming the asset.")
             ^~~~~~~~~~~~~~~~~~~~~~~~~~~~~~~~~~~~~~~~~~~~~~~~~~~~~~~~~~~~~~~~~~~~~~~~~~~~~~~~~~~~~~~~~~~~~~~~~~~~~~~~~~~~~~~~~~~~~~
/Users/vlad/Library/Developer/Xcode/DerivedData/TrafficMaster-bzdzracxhgtlmjfmrcrpahsiiiws/Build/Intermediates.noindex/TrafficMaster.build/Debug-iphonesimulator/TrafficMaster.build/DerivedSources/GeneratedAssetSymbols.swift:6392:14: warning: The "ap2.7.16.1" image asset name resolves to the symbol "ap27161" which already exists. Try renaming the asset.
    #warning("The \"ap2.7.16.1\" image asset name resolves to the symbol \"ap27161\" which already exists. Try renaming the asset.")
             ^~~~~~~~~~~~~~~~~~~~~~~~~~~~~~~~~~~~~~~~~~~~~~~~~~~~~~~~~~~~~~~~~~~~~~~~~~~~~~~~~~~~~~~~~~~~~~~~~~~~~~~~~~~~~~~~~~~~~~
/Users/vlad/Library/Developer/Xcode/DerivedData/TrafficMaster-bzdzracxhgtlmjfmrcrpahsiiiws/Build/Intermediates.noindex/TrafficMaster.build/Debug-iphonesimulator/TrafficMaster.build/DerivedSources/GeneratedAssetSymbols.swift:6772:14: warning: The "bez.1007.1" image asset name resolves to the symbol "bez10071" which already exists. Try renaming the asset.
    #warning("The \"bez.1007.1\" image asset name resolves to the symbol \"bez10071\" which already exists. Try renaming the asset.")
             ^~~~~~~~~~~~~~~~~~~~~~~~~~~~~~~~~~~~~~~~~~~~~~~~~~~~~~~~~~~~~~~~~~~~~~~~~~~~~~~~~~~~~~~~~~~~~~~~~~~~~~~~~~~~~~~~~~~~~~~
2026-03-21 22:28:17.431 AssetCatalogSimulatorAgent[14908:416880] CoreThemeDefinition: Unable to create image for file:///Users/vlad/TM/TrafficMaster/TrafficMaster/Assets.xcassets/ap2.3.1.51.imageset/ap2.3.1.51.jpg
2026-03-21 22:28:17.860 AssetCatalogSimulatorAgent[14908:416945] The filter 'CIPortraitEffectSpillCorrection' is not implemented in the bundle at /Library/Developer/CoreSimulator/Volumes/iOS_23C54/Library/Developer/CoreSimulator/Profiles/Runtimes/iOS 26.2.simruntime/Contents/Resources/RuntimeRoot/System/Library/CoreImage/PortraitFilters.cifilter.
2026-03-21 22:28:19.659 AssetCatalogSimulatorAgent[14908:416880] CoreThemeDefinition: Unable to create image for file:///Users/vlad/TM/TrafficMaster/TrafficMaster/Assets.xcassets/ap2.3.1.51.imageset/ap2.3.1.51.jpg
2026-03-21 22:28:47.243 AssetCatalogSimulatorAgent[14908:417496] CoreThemeDefinition: Unable to create image for file:///Users/vlad/TM/TrafficMaster/TrafficMaster/Assets.xcassets/ap2.3.1.51.imageset/ap2.3.1.51.jpg
/* com.apple.actool.errors */
error: Distill failed for unknown reasons.
/* com.apple.actool.compilation-results */
/Users/vlad/Library/Developer/Xcode/DerivedData/TrafficMaster-bzdzracxhgtlmjfmrcrpahsiiiws/Build/Intermediates.noindex/TrafficMaster.build/Debug-iphonesimulator/TrafficMaster.build/assetcatalog_generated_info.plist_thinned
/Users/vlad/Library/Developer/Xcode/DerivedData/TrafficMaster-bzdzracxhgtlmjfmrcrpahsiiiws/Build/Intermediates.noindex/TrafficMaster.build/Debug-iphonesimulator/TrafficMaster.build/assetcatalog_output/thinned/Assets.car
/Users/vlad/Library/Developer/Xcode/DerivedData/TrafficMaster-bzdzracxhgtlmjfmrcrpahsiiiws/Build/Intermediates.noindex/TrafficMaster.build/Debug-iphonesimulator/TrafficMaster.build/assetcatalog_output/thinned/TrafficMaster60x60@2x.png
/Users/vlad/Library/Developer/Xcode/DerivedData/TrafficMaster-bzdzracxhgtlmjfmrcrpahsiiiws/Build/Intermediates.noindex/TrafficMaster.build/Debug-iphonesimulator/TrafficMaster.build/assetcatalog_output/thinned/TrafficMaster76x76@2x~ipad.png


SwiftDriver TrafficMaster normal arm64 com.apple.xcode.tools.swift.compiler (in target 'TrafficMaster' from project 'TrafficMaster')
    cd /Users/vlad/TM/TrafficMaster
    builtin-SwiftDriver -- /Applications/Xcode.app/Contents/Developer/Toolchains/XcodeDefault.xctoolchain/usr/bin/swiftc -module-name TrafficMaster -Onone -enforce-exclusivity\=checked @/Users/vlad/Library/Developer/Xcode/DerivedData/TrafficMaster-bzdzracxhgtlmjfmrcrpahsiiiws/Build/Intermediates.noindex/TrafficMaster.build/Debug-iphonesimulator/TrafficMaster.build/Objects-normal/arm64/TrafficMaster.SwiftFileList -DDEBUG -default-isolation\=MainActor -enable-bare-slash-regex -enable-upcoming-feature DisableOutwardActorInference -enable-upcoming-feature InferSendableFromCaptures -enable-upcoming-feature GlobalActorIsolatedTypesUsability -enable-upcoming-feature MemberImportVisibility -enable-upcoming-feature InferIsolatedConformances -enable-upcoming-feature NonisolatedNonsendingByDefault -enable-experimental-feature DebugDescriptionMacro -sdk /Applications/Xcode.app/Contents/Developer/Platforms/iPhoneSimulator.platform/Developer/SDKs/iPhoneSimulator26.2.sdk -target arm64-apple-ios26.2-simulator -g -module-cache-path /Users/vlad/Library/Developer/Xcode/DerivedData/ModuleCache.noindex -Xfrontend -serialize-debugging-options -enable-testing -index-store-path /Users/vlad/Library/Developer/Xcode/DerivedData/TrafficMaster-bzdzracxhgtlmjfmrcrpahsiiiws/Index.noindex/DataStore -Xcc -D_LIBCPP_HARDENING_MODE\=_LIBCPP_HARDENING_MODE_DEBUG -swift-version 5 -I /Users/vlad/Library/Developer/Xcode/DerivedData/TrafficMaster-bzdzracxhgtlmjfmrcrpahsiiiws/Build/Products/Debug-iphonesimulator -F /Users/vlad/Library/Developer/Xcode/DerivedData/TrafficMaster-bzdzracxhgtlmjfmrcrpahsiiiws/Build/Products/Debug-iphonesimulator -emit-localized-strings -emit-localized-strings-path /Users/vlad/Library/Developer/Xcode/DerivedData/TrafficMaster-bzdzracxhgtlmjfmrcrpahsiiiws/Build/Intermediates.noindex/TrafficMaster.build/Debug-iphonesimulator/TrafficMaster.build/Objects-normal/arm64 -c -j11 -enable-batch-mode -incremental -Xcc -ivfsstatcache -Xcc /Users/vlad/Library/Developer/Xcode/DerivedData/SDKStatCaches.noindex/iphonesimulator26.2-23C57-7d00a8b37fbd7999ea79df8ebc024bf0.sdkstatcache -output-file-map /Users/vlad/Library/Developer/Xcode/DerivedData/TrafficMaster-bzdzracxhgtlmjfmrcrpahsiiiws/Build/Intermediates.noindex/TrafficMaster.build/Debug-iphonesimulator/TrafficMaster.build/Objects-normal/arm64/TrafficMaster-OutputFileMap.json -use-frontend-parseable-output -save-temps -no-color-diagnostics -explicit-module-build -module-cache-path /Users/vlad/Library/Developer/Xcode/DerivedData/TrafficMaster-bzdzracxhgtlmjfmrcrpahsiiiws/Build/Intermediates.noindex/SwiftExplicitPrecompiledModules -clang-scanner-module-cache-path /Users/vlad/Library/Developer/Xcode/DerivedData/ModuleCache.noindex -sdk-module-cache-path /Users/vlad/Library/Developer/Xcode/DerivedData/ModuleCache.noindex -serialize-diagnostics -emit-dependencies -emit-module -emit-module-path /Users/vlad/Library/Developer/Xcode/DerivedData/TrafficMaster-bzdzracxhgtlmjfmrcrpahsiiiws/Build/Intermediates.noindex/TrafficMaster.build/Debug-iphonesimulator/TrafficMaster.build/Objects-normal/arm64/TrafficMaster.swiftmodule -validate-clang-modules-once -clang-build-session-file /Users/vlad/Library/Developer/Xcode/DerivedData/ModuleCache.noindex/Session.modulevalidation -Xcc -I/Users/vlad/Library/Developer/Xcode/DerivedData/TrafficMaster-bzdzracxhgtlmjfmrcrpahsiiiws/Build/Intermediates.noindex/TrafficMaster.build/Debug-iphonesimulator/TrafficMaster.build/swift-overrides.hmap -emit-const-values -Xfrontend -const-gather-protocols-file -Xfrontend /Users/vlad/Library/Developer/Xcode/DerivedData/TrafficMaster-bzdzracxhgtlmjfmrcrpahsiiiws/Build/Intermediates.noindex/TrafficMaster.build/Debug-iphonesimulator/TrafficMaster.build/Objects-normal/arm64/TrafficMaster_const_extract_protocols.json -Xcc -iquote -Xcc /Users/vlad/Library/Developer/Xcode/DerivedData/TrafficMaster-bzdzracxhgtlmjfmrcrpahsiiiws/Build/Intermediates.noindex/TrafficMaster.build/Debug-iphonesimulator/TrafficMaster.build/TrafficMaster-generated-files.hmap -Xcc -I/Users/vlad/Library/Developer/Xcode/DerivedData/TrafficMaster-bzdzracxhgtlmjfmrcrpahsiiiws/Build/Intermediates.noindex/TrafficMaster.build/Debug-iphonesimulator/TrafficMaster.build/TrafficMaster-own-target-headers.hmap -Xcc -I/Users/vlad/Library/Developer/Xcode/DerivedData/TrafficMaster-bzdzracxhgtlmjfmrcrpahsiiiws/Build/Intermediates.noindex/TrafficMaster.build/Debug-iphonesimulator/TrafficMaster.build/TrafficMaster-all-target-headers.hmap -Xcc -iquote -Xcc /Users/vlad/Library/Developer/Xcode/DerivedData/TrafficMaster-bzdzracxhgtlmjfmrcrpahsiiiws/Build/Intermediates.noindex/TrafficMaster.build/Debug-iphonesimulator/TrafficMaster.build/TrafficMaster-project-headers.hmap -Xcc -I/Users/vlad/Library/Developer/Xcode/DerivedData/TrafficMaster-bzdzracxhgtlmjfmrcrpahsiiiws/Build/Products/Debug-iphonesimulator/include -Xcc -I/Users/vlad/Library/Developer/Xcode/DerivedData/TrafficMaster-bzdzracxhgtlmjfmrcrpahsiiiws/Build/Intermediates.noindex/TrafficMaster.build/Debug-iphonesimulator/TrafficMaster.build/DerivedSources-normal/arm64 -Xcc -I/Users/vlad/Library/Developer/Xcode/DerivedData/TrafficMaster-bzdzracxhgtlmjfmrcrpahsiiiws/Build/Intermediates.noindex/TrafficMaster.build/Debug-iphonesimulator/TrafficMaster.build/DerivedSources/arm64 -Xcc -I/Users/vlad/Library/Developer/Xcode/DerivedData/TrafficMaster-bzdzracxhgtlmjfmrcrpahsiiiws/Build/Intermediates.noindex/TrafficMaster.build/Debug-iphonesimulator/TrafficMaster.build/DerivedSources -Xcc -DDEBUG\=1 -emit-objc-header -emit-objc-header-path /Users/vlad/Library/Developer/Xcode/DerivedData/TrafficMaster-bzdzracxhgtlmjfmrcrpahsiiiws/Build/Intermediates.noindex/TrafficMaster.build/Debug-iphonesimulator/TrafficMaster.build/Objects-normal/arm64/TrafficMaster-Swift.h -working-directory /Users/vlad/TM/TrafficMaster -experimental-emit-module-separately -disable-cmo
/Users/vlad/Library/Developer/Xcode/DerivedData/TrafficMaster-bzdzracxhgtlmjfmrcrpahsiiiws/Build/Intermediates.noindex/TrafficMaster.build/Debug-iphonesimulator/TrafficMaster.build/DerivedSources/GeneratedAssetSymbols.swift:5326:14: warning: The "ap2.1.25.1" image asset name resolves to the symbol "ap21251" which already exists. Try renaming the asset.
    #warning("The \"ap2.1.25.1\" image asset name resolves to the symbol \"ap21251\" which already exists. Try renaming the asset.")
             ^~~~~~~~~~~~~~~~~~~~~~~~~~~~~~~~~~~~~~~~~~~~~~~~~~~~~~~~~~~~~~~~~~~~~~~~~~~~~~~~~~~~~~~~~~~~~~~~~~~~~~~~~~~~~~~~~~~~~~ (in target 'TrafficMaster' from project 'TrafficMaster')
/Users/vlad/Library/Developer/Xcode/DerivedData/TrafficMaster-bzdzracxhgtlmjfmrcrpahsiiiws/Build/Intermediates.noindex/TrafficMaster.build/Debug-iphonesimulator/TrafficMaster.build/DerivedSources/GeneratedAssetSymbols.swift:5643:14: warning: The "ap2.3.15.1" image asset name resolves to the symbol "ap23151" which already exists. Try renaming the asset.
    #warning("The \"ap2.3.15.1\" image asset name resolves to the symbol \"ap23151\" which already exists. Try renaming the asset.")
             ^~~~~~~~~~~~~~~~~~~~~~~~~~~~~~~~~~~~~~~~~~~~~~~~~~~~~~~~~~~~~~~~~~~~~~~~~~~~~~~~~~~~~~~~~~~~~~~~~~~~~~~~~~~~~~~~~~~~~~ (in target 'TrafficMaster' from project 'TrafficMaster')
/Users/vlad/Library/Developer/Xcode/DerivedData/TrafficMaster-bzdzracxhgtlmjfmrcrpahsiiiws/Build/Intermediates.noindex/TrafficMaster.build/Debug-iphonesimulator/TrafficMaster.build/DerivedSources/GeneratedAssetSymbols.swift:5744:14: warning: The "ap2.3.26.1" image asset name resolves to the symbol "ap23261" which already exists. Try renaming the asset.
    #warning("The \"ap2.3.26.1\" image asset name resolves to the symbol \"ap23261\" which already exists. Try renaming the asset.")
             ^~~~~~~~~~~~~~~~~~~~~~~~~~~~~~~~~~~~~~~~~~~~~~~~~~~~~~~~~~~~~~~~~~~~~~~~~~~~~~~~~~~~~~~~~~~~~~~~~~~~~~~~~~~~~~~~~~~~~~ (in target 'TrafficMaster' from project 'TrafficMaster')
/Users/vlad/Library/Developer/Xcode/DerivedData/TrafficMaster-bzdzracxhgtlmjfmrcrpahsiiiws/Build/Intermediates.noindex/TrafficMaster.build/Debug-iphonesimulator/TrafficMaster.build/DerivedSources/GeneratedAssetSymbols.swift:6160:14: warning: The "ap2.5.25.1" image asset name resolves to the symbol "ap25251" which already exists. Try renaming the asset.
    #warning("The \"ap2.5.25.1\" image asset name resolves to the symbol \"ap25251\" which already exists. Try renaming the asset.")
             ^~~~~~~~~~~~~~~~~~~~~~~~~~~~~~~~~~~~~~~~~~~~~~~~~~~~~~~~~~~~~~~~~~~~~~~~~~~~~~~~~~~~~~~~~~~~~~~~~~~~~~~~~~~~~~~~~~~~~~ (in target 'TrafficMaster' from project 'TrafficMaster')
/Users/vlad/Library/Developer/Xcode/DerivedData/TrafficMaster-bzdzracxhgtlmjfmrcrpahsiiiws/Build/Intermediates.noindex/TrafficMaster.build/Debug-iphonesimulator/TrafficMaster.build/DerivedSources/GeneratedAssetSymbols.swift:6162:14: warning: The "ap2.5.25.2" image asset name resolves to the symbol "ap25252" which already exists. Try renaming the asset.
    #warning("The \"ap2.5.25.2\" image asset name resolves to the symbol \"ap25252\" which already exists. Try renaming the asset.")
             ^~~~~~~~~~~~~~~~~~~~~~~~~~~~~~~~~~~~~~~~~~~~~~~~~~~~~~~~~~~~~~~~~~~~~~~~~~~~~~~~~~~~~~~~~~~~~~~~~~~~~~~~~~~~~~~~~~~~~~ (in target 'TrafficMaster' from project 'TrafficMaster')
/Users/vlad/Library/Developer/Xcode/DerivedData/TrafficMaster-bzdzracxhgtlmjfmrcrpahsiiiws/Build/Intermediates.noindex/TrafficMaster.build/Debug-iphonesimulator/TrafficMaster.build/DerivedSources/GeneratedAssetSymbols.swift:6167:14: warning: The "ap2.5.26.1" image asset name resolves to the symbol "ap25261" which already exists. Try renaming the asset.
    #warning("The \"ap2.5.26.1\" image asset name resolves to the symbol \"ap25261\" which already exists. Try renaming the asset.")
             ^~~~~~~~~~~~~~~~~~~~~~~~~~~~~~~~~~~~~~~~~~~~~~~~~~~~~~~~~~~~~~~~~~~~~~~~~~~~~~~~~~~~~~~~~~~~~~~~~~~~~~~~~~~~~~~~~~~~~~ (in target 'TrafficMaster' from project 'TrafficMaster')
/Users/vlad/Library/Developer/Xcode/DerivedData/TrafficMaster-bzdzracxhgtlmjfmrcrpahsiiiws/Build/Intermediates.noindex/TrafficMaster.build/Debug-iphonesimulator/TrafficMaster.build/DerivedSources/GeneratedAssetSymbols.swift:6235:14: warning: The "ap2.5.36.1" image asset name resolves to the symbol "ap25361" which already exists. Try renaming the asset.
    #warning("The \"ap2.5.36.1\" image asset name resolves to the symbol \"ap25361\" which already exists. Try renaming the asset.")
             ^~~~~~~~~~~~~~~~~~~~~~~~~~~~~~~~~~~~~~~~~~~~~~~~~~~~~~~~~~~~~~~~~~~~~~~~~~~~~~~~~~~~~~~~~~~~~~~~~~~~~~~~~~~~~~~~~~~~~~ (in target 'TrafficMaster' from project 'TrafficMaster')
/Users/vlad/Library/Developer/Xcode/DerivedData/TrafficMaster-bzdzracxhgtlmjfmrcrpahsiiiws/Build/Intermediates.noindex/TrafficMaster.build/Debug-iphonesimulator/TrafficMaster.build/DerivedSources/GeneratedAssetSymbols.swift:6381:14: warning: The "ap2.7.15.1" image asset name resolves to the symbol "ap27151" which already exists. Try renaming the asset.
    #warning("The \"ap2.7.15.1\" image asset name resolves to the symbol \"ap27151\" which already exists. Try renaming the asset.")
             ^~~~~~~~~~~~~~~~~~~~~~~~~~~~~~~~~~~~~~~~~~~~~~~~~~~~~~~~~~~~~~~~~~~~~~~~~~~~~~~~~~~~~~~~~~~~~~~~~~~~~~~~~~~~~~~~~~~~~~ (in target 'TrafficMaster' from project 'TrafficMaster')
/Users/vlad/Library/Developer/Xcode/DerivedData/TrafficMaster-bzdzracxhgtlmjfmrcrpahsiiiws/Build/Intermediates.noindex/TrafficMaster.build/Debug-iphonesimulator/TrafficMaster.build/DerivedSources/GeneratedAssetSymbols.swift:6392:14: warning: The "ap2.7.16.1" image asset name resolves to the symbol "ap27161" which already exists. Try renaming the asset.
    #warning("The \"ap2.7.16.1\" image asset name resolves to the symbol \"ap27161\" which already exists. Try renaming the asset.")
             ^~~~~~~~~~~~~~~~~~~~~~~~~~~~~~~~~~~~~~~~~~~~~~~~~~~~~~~~~~~~~~~~~~~~~~~~~~~~~~~~~~~~~~~~~~~~~~~~~~~~~~~~~~~~~~~~~~~~~~ (in target 'TrafficMaster' from project 'TrafficMaster')
/Users/vlad/Library/Developer/Xcode/DerivedData/TrafficMaster-bzdzracxhgtlmjfmrcrpahsiiiws/Build/Intermediates.noindex/TrafficMaster.build/Debug-iphonesimulator/TrafficMaster.build/DerivedSources/GeneratedAssetSymbols.swift:6772:14: warning: The "bez.1007.1" image asset name resolves to the symbol "bez10071" which already exists. Try renaming the asset.
    #warning("The \"bez.1007.1\" image asset name resolves to the symbol \"bez10071\" which already exists. Try renaming the asset.")
             ^~~~~~~~~~~~~~~~~~~~~~~~~~~~~~~~~~~~~~~~~~~~~~~~~~~~~~~~~~~~~~~~~~~~~~~~~~~~~~~~~~~~~~~~~~~~~~~~~~~~~~~~~~~~~~~~~~~~~~~ (in target 'TrafficMaster' from project 'TrafficMaster')

SwiftCompile normal arm64 Compiling\ Question.swift,\ EditProfileView.swift /Users/vlad/TM/TrafficMaster/TrafficMaster/Models/Question.swift /Users/vlad/TM/TrafficMaster/TrafficMaster/View/EditProfileView.swift (in target 'TrafficMaster' from project 'TrafficMaster')

SwiftCompile normal arm64 /Users/vlad/TM/TrafficMaster/TrafficMaster/Models/Question.swift (in target 'TrafficMaster' from project 'TrafficMaster')
    cd /Users/vlad/TM/TrafficMaster
    

SwiftCompile normal arm64 /Users/vlad/TM/TrafficMaster/TrafficMaster/View/EditProfileView.swift (in target 'TrafficMaster' from project 'TrafficMaster')
    cd /Users/vlad/TM/TrafficMaster
    

SwiftCompile normal arm64 Compiling\ HomeView.swift,\ ImagePicker.swift /Users/vlad/TM/TrafficMaster/TrafficMaster/View/HomeView.swift /Users/vlad/TM/TrafficMaster/TrafficMaster/View/ImagePicker.swift (in target 'TrafficMaster' from project 'TrafficMaster')

SwiftCompile normal arm64 /Users/vlad/TM/TrafficMaster/TrafficMaster/View/HomeView.swift (in target 'TrafficMaster' from project 'TrafficMaster')
    cd /Users/vlad/TM/TrafficMaster
    

SwiftCompile normal arm64 /Users/vlad/TM/TrafficMaster/TrafficMaster/View/ImagePicker.swift (in target 'TrafficMaster' from project 'TrafficMaster')
    cd /Users/vlad/TM/TrafficMaster
    

SwiftCompile normal arm64 Compiling\ TrafficMasterApp.swift /Users/vlad/TM/TrafficMaster/TrafficMaster/TrafficMasterApp.swift (in target 'TrafficMaster' from project 'TrafficMaster')

SwiftCompile normal arm64 /Users/vlad/TM/TrafficMaster/TrafficMaster/TrafficMasterApp.swift (in target 'TrafficMaster' from project 'TrafficMaster')
    cd /Users/vlad/TM/TrafficMaster
    

SwiftCompile normal arm64 Compiling\ ContentView.swift /Users/vlad/TM/TrafficMaster/TrafficMaster/ContentView.swift (in target 'TrafficMaster' from project 'TrafficMaster')

SwiftCompile normal arm64 /Users/vlad/TM/TrafficMaster/TrafficMaster/ContentView.swift (in target 'TrafficMaster' from project 'TrafficMaster')
    cd /Users/vlad/TM/TrafficMaster
    

SwiftCompile normal arm64 Compiling\ Item.swift /Users/vlad/TM/TrafficMaster/TrafficMaster/Item.swift (in target 'TrafficMaster' from project 'TrafficMaster')

SwiftCompile normal arm64 /Users/vlad/TM/TrafficMaster/TrafficMaster/Item.swift (in target 'TrafficMaster' from project 'TrafficMaster')
    cd /Users/vlad/TM/TrafficMaster
    

SwiftCompile normal arm64 Compiling\ QuestionViewModel.swift /Users/vlad/TM/TrafficMaster/TrafficMaster/ViewModel/QuestionViewModel.swift (in target 'TrafficMaster' from project 'TrafficMaster')

SwiftCompile normal arm64 /Users/vlad/TM/TrafficMaster/TrafficMaster/ViewModel/QuestionViewModel.swift (in target 'TrafficMaster' from project 'TrafficMaster')
    cd /Users/vlad/TM/TrafficMaster
    
/Users/vlad/TM/TrafficMaster/TrafficMaster/ViewModel/QuestionViewModel.swift:181:13: warning: variable 'shuffled' was never mutated; consider changing to 'let' constant
        var shuffled = originalOptions.shuffled()
        ~~~ ^
        let

SwiftCompile normal arm64 Compiling\ StatisticsView.swift /Users/vlad/TM/TrafficMaster/TrafficMaster/View/StatisticsView.swift (in target 'TrafficMaster' from project 'TrafficMaster')

SwiftCompile normal arm64 /Users/vlad/TM/TrafficMaster/TrafficMaster/View/StatisticsView.swift (in target 'TrafficMaster' from project 'TrafficMaster')
    cd /Users/vlad/TM/TrafficMaster
    

SwiftEmitModule normal arm64 Emitting\ module\ for\ TrafficMaster (in target 'TrafficMaster' from project 'TrafficMaster')

EmitSwiftModule normal arm64 (in target 'TrafficMaster' from project 'TrafficMaster')
    cd /Users/vlad/TM/TrafficMaster
    
/Users/vlad/Library/Developer/Xcode/DerivedData/TrafficMaster-bzdzracxhgtlmjfmrcrpahsiiiws/Build/Intermediates.noindex/TrafficMaster.build/Debug-iphonesimulator/TrafficMaster.build/DerivedSources/GeneratedAssetSymbols.swift:5326:14: warning: The "ap2.1.25.1" image asset name resolves to the symbol "ap21251" which already exists. Try renaming the asset.
    #warning("The \"ap2.1.25.1\" image asset name resolves to the symbol \"ap21251\" which already exists. Try renaming the asset.")
             ^~~~~~~~~~~~~~~~~~~~~~~~~~~~~~~~~~~~~~~~~~~~~~~~~~~~~~~~~~~~~~~~~~~~~~~~~~~~~~~~~~~~~~~~~~~~~~~~~~~~~~~~~~~~~~~~~~~~~~
/Users/vlad/Library/Developer/Xcode/DerivedData/TrafficMaster-bzdzracxhgtlmjfmrcrpahsiiiws/Build/Intermediates.noindex/TrafficMaster.build/Debug-iphonesimulator/TrafficMaster.build/DerivedSources/GeneratedAssetSymbols.swift:5643:14: warning: The "ap2.3.15.1" image asset name resolves to the symbol "ap23151" which already exists. Try renaming the asset.
    #warning("The \"ap2.3.15.1\" image asset name resolves to the symbol \"ap23151\" which already exists. Try renaming the asset.")
             ^~~~~~~~~~~~~~~~~~~~~~~~~~~~~~~~~~~~~~~~~~~~~~~~~~~~~~~~~~~~~~~~~~~~~~~~~~~~~~~~~~~~~~~~~~~~~~~~~~~~~~~~~~~~~~~~~~~~~~
/Users/vlad/Library/Developer/Xcode/DerivedData/TrafficMaster-bzdzracxhgtlmjfmrcrpahsiiiws/Build/Intermediates.noindex/TrafficMaster.build/Debug-iphonesimulator/TrafficMaster.build/DerivedSources/GeneratedAssetSymbols.swift:5744:14: warning: The "ap2.3.26.1" image asset name resolves to the symbol "ap23261" which already exists. Try renaming the asset.
    #warning("The \"ap2.3.26.1\" image asset name resolves to the symbol \"ap23261\" which already exists. Try renaming the asset.")
             ^~~~~~~~~~~~~~~~~~~~~~~~~~~~~~~~~~~~~~~~~~~~~~~~~~~~~~~~~~~~~~~~~~~~~~~~~~~~~~~~~~~~~~~~~~~~~~~~~~~~~~~~~~~~~~~~~~~~~~
/Users/vlad/Library/Developer/Xcode/DerivedData/TrafficMaster-bzdzracxhgtlmjfmrcrpahsiiiws/Build/Intermediates.noindex/TrafficMaster.build/Debug-iphonesimulator/TrafficMaster.build/DerivedSources/GeneratedAssetSymbols.swift:6160:14: warning: The "ap2.5.25.1" image asset name resolves to the symbol "ap25251" which already exists. Try renaming the asset.
    #warning("The \"ap2.5.25.1\" image asset name resolves to the symbol \"ap25251\" which already exists. Try renaming the asset.")
             ^~~~~~~~~~~~~~~~~~~~~~~~~~~~~~~~~~~~~~~~~~~~~~~~~~~~~~~~~~~~~~~~~~~~~~~~~~~~~~~~~~~~~~~~~~~~~~~~~~~~~~~~~~~~~~~~~~~~~~
/Users/vlad/Library/Developer/Xcode/DerivedData/TrafficMaster-bzdzracxhgtlmjfmrcrpahsiiiws/Build/Intermediates.noindex/TrafficMaster.build/Debug-iphonesimulator/TrafficMaster.build/DerivedSources/GeneratedAssetSymbols.swift:6162:14: warning: The "ap2.5.25.2" image asset name resolves to the symbol "ap25252" which already exists. Try renaming the asset.
    #warning("The \"ap2.5.25.2\" image asset name resolves to the symbol \"ap25252\" which already exists. Try renaming the asset.")
             ^~~~~~~~~~~~~~~~~~~~~~~~~~~~~~~~~~~~~~~~~~~~~~~~~~~~~~~~~~~~~~~~~~~~~~~~~~~~~~~~~~~~~~~~~~~~~~~~~~~~~~~~~~~~~~~~~~~~~~
/Users/vlad/Library/Developer/Xcode/DerivedData/TrafficMaster-bzdzracxhgtlmjfmrcrpahsiiiws/Build/Intermediates.noindex/TrafficMaster.build/Debug-iphonesimulator/TrafficMaster.build/DerivedSources/GeneratedAssetSymbols.swift:6167:14: warning: The "ap2.5.26.1" image asset name resolves to the symbol "ap25261" which already exists. Try renaming the asset.
    #warning("The \"ap2.5.26.1\" image asset name resolves to the symbol \"ap25261\" which already exists. Try renaming the asset.")
             ^~~~~~~~~~~~~~~~~~~~~~~~~~~~~~~~~~~~~~~~~~~~~~~~~~~~~~~~~~~~~~~~~~~~~~~~~~~~~~~~~~~~~~~~~~~~~~~~~~~~~~~~~~~~~~~~~~~~~~
/Users/vlad/Library/Developer/Xcode/DerivedData/TrafficMaster-bzdzracxhgtlmjfmrcrpahsiiiws/Build/Intermediates.noindex/TrafficMaster.build/Debug-iphonesimulator/TrafficMaster.build/DerivedSources/GeneratedAssetSymbols.swift:6235:14: warning: The "ap2.5.36.1" image asset name resolves to the symbol "ap25361" which already exists. Try renaming the asset.
    #warning("The \"ap2.5.36.1\" image asset name resolves to the symbol \"ap25361\" which already exists. Try renaming the asset.")
             ^~~~~~~~~~~~~~~~~~~~~~~~~~~~~~~~~~~~~~~~~~~~~~~~~~~~~~~~~~~~~~~~~~~~~~~~~~~~~~~~~~~~~~~~~~~~~~~~~~~~~~~~~~~~~~~~~~~~~~
/Users/vlad/Library/Developer/Xcode/DerivedData/TrafficMaster-bzdzracxhgtlmjfmrcrpahsiiiws/Build/Intermediates.noindex/TrafficMaster.build/Debug-iphonesimulator/TrafficMaster.build/DerivedSources/GeneratedAssetSymbols.swift:6381:14: warning: The "ap2.7.15.1" image asset name resolves to the symbol "ap27151" which already exists. Try renaming the asset.
    #warning("The \"ap2.7.15.1\" image asset name resolves to the symbol \"ap27151\" which already exists. Try renaming the asset.")
             ^~~~~~~~~~~~~~~~~~~~~~~~~~~~~~~~~~~~~~~~~~~~~~~~~~~~~~~~~~~~~~~~~~~~~~~~~~~~~~~~~~~~~~~~~~~~~~~~~~~~~~~~~~~~~~~~~~~~~~
/Users/vlad/Library/Developer/Xcode/DerivedData/TrafficMaster-bzdzracxhgtlmjfmrcrpahsiiiws/Build/Intermediates.noindex/TrafficMaster.build/Debug-iphonesimulator/TrafficMaster.build/DerivedSources/GeneratedAssetSymbols.swift:6392:14: warning: The "ap2.7.16.1" image asset name resolves to the symbol "ap27161" which already exists. Try renaming the asset.
    #warning("The \"ap2.7.16.1\" image asset name resolves to the symbol \"ap27161\" which already exists. Try renaming the asset.")
             ^~~~~~~~~~~~~~~~~~~~~~~~~~~~~~~~~~~~~~~~~~~~~~~~~~~~~~~~~~~~~~~~~~~~~~~~~~~~~~~~~~~~~~~~~~~~~~~~~~~~~~~~~~~~~~~~~~~~~~
/Users/vlad/Library/Developer/Xcode/DerivedData/TrafficMaster-bzdzracxhgtlmjfmrcrpahsiiiws/Build/Intermediates.noindex/TrafficMaster.build/Debug-iphonesimulator/TrafficMaster.build/DerivedSources/GeneratedAssetSymbols.swift:6772:14: warning: The "bez.1007.1" image asset name resolves to the symbol "bez10071" which already exists. Try renaming the asset.
    #warning("The \"bez.1007.1\" image asset name resolves to the symbol \"bez10071\" which already exists. Try renaming the asset.")
             ^~~~~~~~~~~~~~~~~~~~~~~~~~~~~~~~~~~~~~~~~~~~~~~~~~~~~~~~~~~~~~~~~~~~~~~~~~~~~~~~~~~~~~~~~~~~~~~~~~~~~~~~~~~~~~~~~~~~~~~

SwiftCompile normal arm64 Compiling\ GeneratedAssetSymbols.swift /Users/vlad/Library/Developer/Xcode/DerivedData/TrafficMaster-bzdzracxhgtlmjfmrcrpahsiiiws/Build/Intermediates.noindex/TrafficMaster.build/Debug-iphonesimulator/TrafficMaster.build/DerivedSources/GeneratedAssetSymbols.swift (in target 'TrafficMaster' from project 'TrafficMaster')

SwiftCompile normal arm64 /Users/vlad/Library/Developer/Xcode/DerivedData/TrafficMaster-bzdzracxhgtlmjfmrcrpahsiiiws/Build/Intermediates.noindex/TrafficMaster.build/Debug-iphonesimulator/TrafficMaster.build/DerivedSources/GeneratedAssetSymbols.swift (in target 'TrafficMaster' from project 'TrafficMaster')
    cd /Users/vlad/TM/TrafficMaster
    
/Users/vlad/Library/Developer/Xcode/DerivedData/TrafficMaster-bzdzracxhgtlmjfmrcrpahsiiiws/Build/Intermediates.noindex/TrafficMaster.build/Debug-iphonesimulator/TrafficMaster.build/DerivedSources/GeneratedAssetSymbols.swift:5326:14: warning: The "ap2.1.25.1" image asset name resolves to the symbol "ap21251" which already exists. Try renaming the asset.
    #warning("The \"ap2.1.25.1\" image asset name resolves to the symbol \"ap21251\" which already exists. Try renaming the asset.")
             ^~~~~~~~~~~~~~~~~~~~~~~~~~~~~~~~~~~~~~~~~~~~~~~~~~~~~~~~~~~~~~~~~~~~~~~~~~~~~~~~~~~~~~~~~~~~~~~~~~~~~~~~~~~~~~~~~~~~~~
/Users/vlad/Library/Developer/Xcode/DerivedData/TrafficMaster-bzdzracxhgtlmjfmrcrpahsiiiws/Build/Intermediates.noindex/TrafficMaster.build/Debug-iphonesimulator/TrafficMaster.build/DerivedSources/GeneratedAssetSymbols.swift:5643:14: warning: The "ap2.3.15.1" image asset name resolves to the symbol "ap23151" which already exists. Try renaming the asset.
    #warning("The \"ap2.3.15.1\" image asset name resolves to the symbol \"ap23151\" which already exists. Try renaming the asset.")
             ^~~~~~~~~~~~~~~~~~~~~~~~~~~~~~~~~~~~~~~~~~~~~~~~~~~~~~~~~~~~~~~~~~~~~~~~~~~~~~~~~~~~~~~~~~~~~~~~~~~~~~~~~~~~~~~~~~~~~~
/Users/vlad/Library/Developer/Xcode/DerivedData/TrafficMaster-bzdzracxhgtlmjfmrcrpahsiiiws/Build/Intermediates.noindex/TrafficMaster.build/Debug-iphonesimulator/TrafficMaster.build/DerivedSources/GeneratedAssetSymbols.swift:5744:14: warning: The "ap2.3.26.1" image asset name resolves to the symbol "ap23261" which already exists. Try renaming the asset.
    #warning("The \"ap2.3.26.1\" image asset name resolves to the symbol \"ap23261\" which already exists. Try renaming the asset.")
             ^~~~~~~~~~~~~~~~~~~~~~~~~~~~~~~~~~~~~~~~~~~~~~~~~~~~~~~~~~~~~~~~~~~~~~~~~~~~~~~~~~~~~~~~~~~~~~~~~~~~~~~~~~~~~~~~~~~~~~
/Users/vlad/Library/Developer/Xcode/DerivedData/TrafficMaster-bzdzracxhgtlmjfmrcrpahsiiiws/Build/Intermediates.noindex/TrafficMaster.build/Debug-iphonesimulator/TrafficMaster.build/DerivedSources/GeneratedAssetSymbols.swift:6160:14: warning: The "ap2.5.25.1" image asset name resolves to the symbol "ap25251" which already exists. Try renaming the asset.
    #warning("The \"ap2.5.25.1\" image asset name resolves to the symbol \"ap25251\" which already exists. Try renaming the asset.")
             ^~~~~~~~~~~~~~~~~~~~~~~~~~~~~~~~~~~~~~~~~~~~~~~~~~~~~~~~~~~~~~~~~~~~~~~~~~~~~~~~~~~~~~~~~~~~~~~~~~~~~~~~~~~~~~~~~~~~~~
/Users/vlad/Library/Developer/Xcode/DerivedData/TrafficMaster-bzdzracxhgtlmjfmrcrpahsiiiws/Build/Intermediates.noindex/TrafficMaster.build/Debug-iphonesimulator/TrafficMaster.build/DerivedSources/GeneratedAssetSymbols.swift:6162:14: warning: The "ap2.5.25.2" image asset name resolves to the symbol "ap25252" which already exists. Try renaming the asset.
    #warning("The \"ap2.5.25.2\" image asset name resolves to the symbol \"ap25252\" which already exists. Try renaming the asset.")
             ^~~~~~~~~~~~~~~~~~~~~~~~~~~~~~~~~~~~~~~~~~~~~~~~~~~~~~~~~~~~~~~~~~~~~~~~~~~~~~~~~~~~~~~~~~~~~~~~~~~~~~~~~~~~~~~~~~~~~~
/Users/vlad/Library/Developer/Xcode/DerivedData/TrafficMaster-bzdzracxhgtlmjfmrcrpahsiiiws/Build/Intermediates.noindex/TrafficMaster.build/Debug-iphonesimulator/TrafficMaster.build/DerivedSources/GeneratedAssetSymbols.swift:6167:14: warning: The "ap2.5.26.1" image asset name resolves to the symbol "ap25261" which already exists. Try renaming the asset.
    #warning("The \"ap2.5.26.1\" image asset name resolves to the symbol \"ap25261\" which already exists. Try renaming the asset.")
             ^~~~~~~~~~~~~~~~~~~~~~~~~~~~~~~~~~~~~~~~~~~~~~~~~~~~~~~~~~~~~~~~~~~~~~~~~~~~~~~~~~~~~~~~~~~~~~~~~~~~~~~~~~~~~~~~~~~~~~
/Users/vlad/Library/Developer/Xcode/DerivedData/TrafficMaster-bzdzracxhgtlmjfmrcrpahsiiiws/Build/Intermediates.noindex/TrafficMaster.build/Debug-iphonesimulator/TrafficMaster.build/DerivedSources/GeneratedAssetSymbols.swift:6235:14: warning: The "ap2.5.36.1" image asset name resolves to the symbol "ap25361" which already exists. Try renaming the asset.
    #warning("The \"ap2.5.36.1\" image asset name resolves to the symbol \"ap25361\" which already exists. Try renaming the asset.")
             ^~~~~~~~~~~~~~~~~~~~~~~~~~~~~~~~~~~~~~~~~~~~~~~~~~~~~~~~~~~~~~~~~~~~~~~~~~~~~~~~~~~~~~~~~~~~~~~~~~~~~~~~~~~~~~~~~~~~~~
/Users/vlad/Library/Developer/Xcode/DerivedData/TrafficMaster-bzdzracxhgtlmjfmrcrpahsiiiws/Build/Intermediates.noindex/TrafficMaster.build/Debug-iphonesimulator/TrafficMaster.build/DerivedSources/GeneratedAssetSymbols.swift:6381:14: warning: The "ap2.7.15.1" image asset name resolves to the symbol "ap27151" which already exists. Try renaming the asset.
    #warning("The \"ap2.7.15.1\" image asset name resolves to the symbol \"ap27151\" which already exists. Try renaming the asset.")
             ^~~~~~~~~~~~~~~~~~~~~~~~~~~~~~~~~~~~~~~~~~~~~~~~~~~~~~~~~~~~~~~~~~~~~~~~~~~~~~~~~~~~~~~~~~~~~~~~~~~~~~~~~~~~~~~~~~~~~~
/Users/vlad/Library/Developer/Xcode/DerivedData/TrafficMaster-bzdzracxhgtlmjfmrcrpahsiiiws/Build/Intermediates.noindex/TrafficMaster.build/Debug-iphonesimulator/TrafficMaster.build/DerivedSources/GeneratedAssetSymbols.swift:6392:14: warning: The "ap2.7.16.1" image asset name resolves to the symbol "ap27161" which already exists. Try renaming the asset.
    #warning("The \"ap2.7.16.1\" image asset name resolves to the symbol \"ap27161\" which already exists. Try renaming the asset.")
             ^~~~~~~~~~~~~~~~~~~~~~~~~~~~~~~~~~~~~~~~~~~~~~~~~~~~~~~~~~~~~~~~~~~~~~~~~~~~~~~~~~~~~~~~~~~~~~~~~~~~~~~~~~~~~~~~~~~~~~
/Users/vlad/Library/Developer/Xcode/DerivedData/TrafficMaster-bzdzracxhgtlmjfmrcrpahsiiiws/Build/Intermediates.noindex/TrafficMaster.build/Debug-iphonesimulator/TrafficMaster.build/DerivedSources/GeneratedAssetSymbols.swift:6772:14: warning: The "bez.1007.1" image asset name resolves to the symbol "bez10071" which already exists. Try renaming the asset.
    #warning("The \"bez.1007.1\" image asset name resolves to the symbol \"bez10071\" which already exists. Try renaming the asset.")
             ^~~~~~~~~~~~~~~~~~~~~~~~~~~~~~~~~~~~~~~~~~~~~~~~~~~~~~~~~~~~~~~~~~~~~~~~~~~~~~~~~~~~~~~~~~~~~~~~~~~~~~~~~~~~~~~~~~~~~~~

SwiftCompile normal arm64 Compiling\ LoginView.swift,\ MainTabView.swift /Users/vlad/TM/TrafficMaster/TrafficMaster/View/LoginView.swift /Users/vlad/TM/TrafficMaster/TrafficMaster/View/MainTabView.swift (in target 'TrafficMaster' from project 'TrafficMaster')

SwiftCompile normal arm64 /Users/vlad/TM/TrafficMaster/TrafficMaster/View/LoginView.swift (in target 'TrafficMaster' from project 'TrafficMaster')
    cd /Users/vlad/TM/TrafficMaster
    

SwiftCompile normal arm64 /Users/vlad/TM/TrafficMaster/TrafficMaster/View/MainTabView.swift (in target 'TrafficMaster' from project 'TrafficMaster')
    cd /Users/vlad/TM/TrafficMaster
    

SwiftCompile normal arm64 Compiling\ ProfileManager.swift,\ ProgressTracker.swift /Users/vlad/TM/TrafficMaster/TrafficMaster/Models/ProfileManager.swift /Users/vlad/TM/TrafficMaster/TrafficMaster/Models/ProgressTracker.swift (in target 'TrafficMaster' from project 'TrafficMaster')

SwiftCompile normal arm64 /Users/vlad/TM/TrafficMaster/TrafficMaster/Models/ProfileManager.swift (in target 'TrafficMaster' from project 'TrafficMaster')
    cd /Users/vlad/TM/TrafficMaster
    

SwiftCompile normal arm64 /Users/vlad/TM/TrafficMaster/TrafficMaster/Models/ProgressTracker.swift (in target 'TrafficMaster' from project 'TrafficMaster')
    cd /Users/vlad/TM/TrafficMaster
    

SwiftDriverJobDiscovery normal arm64 Compiling Item.swift (in target 'TrafficMaster' from project 'TrafficMaster')

SwiftCompile normal arm64 Compiling\ ProfileView.swift,\ QuestionView.swift /Users/vlad/TM/TrafficMaster/TrafficMaster/View/ProfileView.swift /Users/vlad/TM/TrafficMaster/TrafficMaster/View/QuestionView.swift (in target 'TrafficMaster' from project 'TrafficMaster')

SwiftCompile normal arm64 /Users/vlad/TM/TrafficMaster/TrafficMaster/View/ProfileView.swift (in target 'TrafficMaster' from project 'TrafficMaster')
    cd /Users/vlad/TM/TrafficMaster
    

SwiftCompile normal arm64 /Users/vlad/TM/TrafficMaster/TrafficMaster/View/QuestionView.swift (in target 'TrafficMaster' from project 'TrafficMaster')
    cd /Users/vlad/TM/TrafficMaster
    

SwiftDriverJobDiscovery normal arm64 Compiling TrafficMasterApp.swift (in target 'TrafficMaster' from project 'TrafficMaster')

SwiftDriverJobDiscovery normal arm64 Compiling ContentView.swift (in target 'TrafficMaster' from project 'TrafficMaster')

SwiftDriverJobDiscovery normal arm64 Compiling ProfileManager.swift, ProgressTracker.swift (in target 'TrafficMaster' from project 'TrafficMaster')

SwiftDriverJobDiscovery normal arm64 Compiling LoginView.swift, MainTabView.swift (in target 'TrafficMaster' from project 'TrafficMaster')

SwiftDriverJobDiscovery normal arm64 Compiling Question.swift, EditProfileView.swift (in target 'TrafficMaster' from project 'TrafficMaster')

SwiftDriverJobDiscovery normal arm64 Compiling QuestionViewModel.swift (in target 'TrafficMaster' from project 'TrafficMaster')

SwiftDriverJobDiscovery normal arm64 Compiling StatisticsView.swift (in target 'TrafficMaster' from project 'TrafficMaster')

SwiftDriverJobDiscovery normal arm64 Compiling HomeView.swift, ImagePicker.swift (in target 'TrafficMaster' from project 'TrafficMaster')

SwiftDriverJobDiscovery normal arm64 Emitting module for TrafficMaster (in target 'TrafficMaster' from project 'TrafficMaster')

SwiftDriver\ Compilation\ Requirements TrafficMaster normal arm64 com.apple.xcode.tools.swift.compiler (in target 'TrafficMaster' from project 'TrafficMaster')
    cd /Users/vlad/TM/TrafficMaster
    builtin-Swift-Compilation-Requirements -- /Applications/Xcode.app/Contents/Developer/Toolchains/XcodeDefault.xctoolchain/usr/bin/swiftc -module-name TrafficMaster -Onone -enforce-exclusivity\=checked @/Users/vlad/Library/Developer/Xcode/DerivedData/TrafficMaster-bzdzracxhgtlmjfmrcrpahsiiiws/Build/Intermediates.noindex/TrafficMaster.build/Debug-iphonesimulator/TrafficMaster.build/Objects-normal/arm64/TrafficMaster.SwiftFileList -DDEBUG -default-isolation\=MainActor -enable-bare-slash-regex -enable-upcoming-feature DisableOutwardActorInference -enable-upcoming-feature InferSendableFromCaptures -enable-upcoming-feature GlobalActorIsolatedTypesUsability -enable-upcoming-feature MemberImportVisibility -enable-upcoming-feature InferIsolatedConformances -enable-upcoming-feature NonisolatedNonsendingByDefault -enable-experimental-feature DebugDescriptionMacro -sdk /Applications/Xcode.app/Contents/Developer/Platforms/iPhoneSimulator.platform/Developer/SDKs/iPhoneSimulator26.2.sdk -target arm64-apple-ios26.2-simulator -g -module-cache-path /Users/vlad/Library/Developer/Xcode/DerivedData/ModuleCache.noindex -Xfrontend -serialize-debugging-options -enable-testing -index-store-path /Users/vlad/Library/Developer/Xcode/DerivedData/TrafficMaster-bzdzracxhgtlmjfmrcrpahsiiiws/Index.noindex/DataStore -Xcc -D_LIBCPP_HARDENING_MODE\=_LIBCPP_HARDENING_MODE_DEBUG -swift-version 5 -I /Users/vlad/Library/Developer/Xcode/DerivedData/TrafficMaster-bzdzracxhgtlmjfmrcrpahsiiiws/Build/Products/Debug-iphonesimulator -F /Users/vlad/Library/Developer/Xcode/DerivedData/TrafficMaster-bzdzracxhgtlmjfmrcrpahsiiiws/Build/Products/Debug-iphonesimulator -emit-localized-strings -emit-localized-strings-path /Users/vlad/Library/Developer/Xcode/DerivedData/TrafficMaster-bzdzracxhgtlmjfmrcrpahsiiiws/Build/Intermediates.noindex/TrafficMaster.build/Debug-iphonesimulator/TrafficMaster.build/Objects-normal/arm64 -c -j11 -enable-batch-mode -incremental -Xcc -ivfsstatcache -Xcc /Users/vlad/Library/Developer/Xcode/DerivedData/SDKStatCaches.noindex/iphonesimulator26.2-23C57-7d00a8b37fbd7999ea79df8ebc024bf0.sdkstatcache -output-file-map /Users/vlad/Library/Developer/Xcode/DerivedData/TrafficMaster-bzdzracxhgtlmjfmrcrpahsiiiws/Build/Intermediates.noindex/TrafficMaster.build/Debug-iphonesimulator/TrafficMaster.build/Objects-normal/arm64/TrafficMaster-OutputFileMap.json -use-frontend-parseable-output -save-temps -no-color-diagnostics -explicit-module-build -module-cache-path /Users/vlad/Library/Developer/Xcode/DerivedData/TrafficMaster-bzdzracxhgtlmjfmrcrpahsiiiws/Build/Intermediates.noindex/SwiftExplicitPrecompiledModules -clang-scanner-module-cache-path /Users/vlad/Library/Developer/Xcode/DerivedData/ModuleCache.noindex -sdk-module-cache-path /Users/vlad/Library/Developer/Xcode/DerivedData/ModuleCache.noindex -serialize-diagnostics -emit-dependencies -emit-module -emit-module-path /Users/vlad/Library/Developer/Xcode/DerivedData/TrafficMaster-bzdzracxhgtlmjfmrcrpahsiiiws/Build/Intermediates.noindex/TrafficMaster.build/Debug-iphonesimulator/TrafficMaster.build/Objects-normal/arm64/TrafficMaster.swiftmodule -validate-clang-modules-once -clang-build-session-file /Users/vlad/Library/Developer/Xcode/DerivedData/ModuleCache.noindex/Session.modulevalidation -Xcc -I/Users/vlad/Library/Developer/Xcode/DerivedData/TrafficMaster-bzdzracxhgtlmjfmrcrpahsiiiws/Build/Intermediates.noindex/TrafficMaster.build/Debug-iphonesimulator/TrafficMaster.build/swift-overrides.hmap -emit-const-values -Xfrontend -const-gather-protocols-file -Xfrontend /Users/vlad/Library/Developer/Xcode/DerivedData/TrafficMaster-bzdzracxhgtlmjfmrcrpahsiiiws/Build/Intermediates.noindex/TrafficMaster.build/Debug-iphonesimulator/TrafficMaster.build/Objects-normal/arm64/TrafficMaster_const_extract_protocols.json -Xcc -iquote -Xcc /Users/vlad/Library/Developer/Xcode/DerivedData/TrafficMaster-bzdzracxhgtlmjfmrcrpahsiiiws/Build/Intermediates.noindex/TrafficMaster.build/Debug-iphonesimulator/TrafficMaster.build/TrafficMaster-generated-files.hmap -Xcc -I/Users/vlad/Library/Developer/Xcode/DerivedData/TrafficMaster-bzdzracxhgtlmjfmrcrpahsiiiws/Build/Intermediates.noindex/TrafficMaster.build/Debug-iphonesimulator/TrafficMaster.build/TrafficMaster-own-target-headers.hmap -Xcc -I/Users/vlad/Library/Developer/Xcode/DerivedData/TrafficMaster-bzdzracxhgtlmjfmrcrpahsiiiws/Build/Intermediates.noindex/TrafficMaster.build/Debug-iphonesimulator/TrafficMaster.build/TrafficMaster-all-target-headers.hmap -Xcc -iquote -Xcc /Users/vlad/Library/Developer/Xcode/DerivedData/TrafficMaster-bzdzracxhgtlmjfmrcrpahsiiiws/Build/Intermediates.noindex/TrafficMaster.build/Debug-iphonesimulator/TrafficMaster.build/TrafficMaster-project-headers.hmap -Xcc -I/Users/vlad/Library/Developer/Xcode/DerivedData/TrafficMaster-bzdzracxhgtlmjfmrcrpahsiiiws/Build/Products/Debug-iphonesimulator/include -Xcc -I/Users/vlad/Library/Developer/Xcode/DerivedData/TrafficMaster-bzdzracxhgtlmjfmrcrpahsiiiws/Build/Intermediates.noindex/TrafficMaster.build/Debug-iphonesimulator/TrafficMaster.build/DerivedSources-normal/arm64 -Xcc -I/Users/vlad/Library/Developer/Xcode/DerivedData/TrafficMaster-bzdzracxhgtlmjfmrcrpahsiiiws/Build/Intermediates.noindex/TrafficMaster.build/Debug-iphonesimulator/TrafficMaster.build/DerivedSources/arm64 -Xcc -I/Users/vlad/Library/Developer/Xcode/DerivedData/TrafficMaster-bzdzracxhgtlmjfmrcrpahsiiiws/Build/Intermediates.noindex/TrafficMaster.build/Debug-iphonesimulator/TrafficMaster.build/DerivedSources -Xcc -DDEBUG\=1 -emit-objc-header -emit-objc-header-path /Users/vlad/Library/Developer/Xcode/DerivedData/TrafficMaster-bzdzracxhgtlmjfmrcrpahsiiiws/Build/Intermediates.noindex/TrafficMaster.build/Debug-iphonesimulator/TrafficMaster.build/Objects-normal/arm64/TrafficMaster-Swift.h -working-directory /Users/vlad/TM/TrafficMaster -experimental-emit-module-separately -disable-cmo

Copy /Users/vlad/Library/Developer/Xcode/DerivedData/TrafficMaster-bzdzracxhgtlmjfmrcrpahsiiiws/Build/Products/Debug-iphonesimulator/TrafficMaster.swiftmodule/Project/arm64-apple-ios-simulator.swiftsourceinfo /Users/vlad/Library/Developer/Xcode/DerivedData/TrafficMaster-bzdzracxhgtlmjfmrcrpahsiiiws/Build/Intermediates.noindex/TrafficMaster.build/Debug-iphonesimulator/TrafficMaster.build/Objects-normal/arm64/TrafficMaster.swiftsourceinfo (in target 'TrafficMaster' from project 'TrafficMaster')
    cd /Users/vlad/TM/TrafficMaster
    builtin-copy -exclude .DS_Store -exclude CVS -exclude .svn -exclude .git -exclude .hg -resolve-src-symlinks -rename /Users/vlad/Library/Developer/Xcode/DerivedData/TrafficMaster-bzdzracxhgtlmjfmrcrpahsiiiws/Build/Intermediates.noindex/TrafficMaster.build/Debug-iphonesimulator/TrafficMaster.build/Objects-normal/arm64/TrafficMaster.swiftsourceinfo /Users/vlad/Library/Developer/Xcode/DerivedData/TrafficMaster-bzdzracxhgtlmjfmrcrpahsiiiws/Build/Products/Debug-iphonesimulator/TrafficMaster.swiftmodule/Project/arm64-apple-ios-simulator.swiftsourceinfo

Copy /Users/vlad/Library/Developer/Xcode/DerivedData/TrafficMaster-bzdzracxhgtlmjfmrcrpahsiiiws/Build/Products/Debug-iphonesimulator/TrafficMaster.swiftmodule/arm64-apple-ios-simulator.swiftdoc /Users/vlad/Library/Developer/Xcode/DerivedData/TrafficMaster-bzdzracxhgtlmjfmrcrpahsiiiws/Build/Intermediates.noindex/TrafficMaster.build/Debug-iphonesimulator/TrafficMaster.build/Objects-normal/arm64/TrafficMaster.swiftdoc (in target 'TrafficMaster' from project 'TrafficMaster')
    cd /Users/vlad/TM/TrafficMaster
    builtin-copy -exclude .DS_Store -exclude CVS -exclude .svn -exclude .git -exclude .hg -resolve-src-symlinks -rename /Users/vlad/Library/Developer/Xcode/DerivedData/TrafficMaster-bzdzracxhgtlmjfmrcrpahsiiiws/Build/Intermediates.noindex/TrafficMaster.build/Debug-iphonesimulator/TrafficMaster.build/Objects-normal/arm64/TrafficMaster.swiftdoc /Users/vlad/Library/Developer/Xcode/DerivedData/TrafficMaster-bzdzracxhgtlmjfmrcrpahsiiiws/Build/Products/Debug-iphonesimulator/TrafficMaster.swiftmodule/arm64-apple-ios-simulator.swiftdoc

Copy /Users/vlad/Library/Developer/Xcode/DerivedData/TrafficMaster-bzdzracxhgtlmjfmrcrpahsiiiws/Build/Products/Debug-iphonesimulator/TrafficMaster.swiftmodule/arm64-apple-ios-simulator.swiftmodule /Users/vlad/Library/Developer/Xcode/DerivedData/TrafficMaster-bzdzracxhgtlmjfmrcrpahsiiiws/Build/Intermediates.noindex/TrafficMaster.build/Debug-iphonesimulator/TrafficMaster.build/Objects-normal/arm64/TrafficMaster.swiftmodule (in target 'TrafficMaster' from project 'TrafficMaster')
    cd /Users/vlad/TM/TrafficMaster
    builtin-copy -exclude .DS_Store -exclude CVS -exclude .svn -exclude .git -exclude .hg -resolve-src-symlinks -rename /Users/vlad/Library/Developer/Xcode/DerivedData/TrafficMaster-bzdzracxhgtlmjfmrcrpahsiiiws/Build/Intermediates.noindex/TrafficMaster.build/Debug-iphonesimulator/TrafficMaster.build/Objects-normal/arm64/TrafficMaster.swiftmodule /Users/vlad/Library/Developer/Xcode/DerivedData/TrafficMaster-bzdzracxhgtlmjfmrcrpahsiiiws/Build/Products/Debug-iphonesimulator/TrafficMaster.swiftmodule/arm64-apple-ios-simulator.swiftmodule

Copy /Users/vlad/Library/Developer/Xcode/DerivedData/TrafficMaster-bzdzracxhgtlmjfmrcrpahsiiiws/Build/Products/Debug-iphonesimulator/TrafficMaster.swiftmodule/arm64-apple-ios-simulator.abi.json /Users/vlad/Library/Developer/Xcode/DerivedData/TrafficMaster-bzdzracxhgtlmjfmrcrpahsiiiws/Build/Intermediates.noindex/TrafficMaster.build/Debug-iphonesimulator/TrafficMaster.build/Objects-normal/arm64/TrafficMaster.abi.json (in target 'TrafficMaster' from project 'TrafficMaster')
    cd /Users/vlad/TM/TrafficMaster
    builtin-copy -exclude .DS_Store -exclude CVS -exclude .svn -exclude .git -exclude .hg -resolve-src-symlinks -rename /Users/vlad/Library/Developer/Xcode/DerivedData/TrafficMaster-bzdzracxhgtlmjfmrcrpahsiiiws/Build/Intermediates.noindex/TrafficMaster.build/Debug-iphonesimulator/TrafficMaster.build/Objects-normal/arm64/TrafficMaster.abi.json /Users/vlad/Library/Developer/Xcode/DerivedData/TrafficMaster-bzdzracxhgtlmjfmrcrpahsiiiws/Build/Products/Debug-iphonesimulator/TrafficMaster.swiftmodule/arm64-apple-ios-simulator.abi.json

SwiftDriverJobDiscovery normal arm64 Compiling ProfileView.swift, QuestionView.swift (in target 'TrafficMaster' from project 'TrafficMaster')

SwiftDriverJobDiscovery normal arm64 Compiling GeneratedAssetSymbols.swift (in target 'TrafficMaster' from project 'TrafficMaster')

SwiftDriver\ Compilation TrafficMaster normal arm64 com.apple.xcode.tools.swift.compiler (in target 'TrafficMaster' from project 'TrafficMaster')
    cd /Users/vlad/TM/TrafficMaster
    builtin-Swift-Compilation -- /Applications/Xcode.app/Contents/Developer/Toolchains/XcodeDefault.xctoolchain/usr/bin/swiftc -module-name TrafficMaster -Onone -enforce-exclusivity\=checked @/Users/vlad/Library/Developer/Xcode/DerivedData/TrafficMaster-bzdzracxhgtlmjfmrcrpahsiiiws/Build/Intermediates.noindex/TrafficMaster.build/Debug-iphonesimulator/TrafficMaster.build/Objects-normal/arm64/TrafficMaster.SwiftFileList -DDEBUG -default-isolation\=MainActor -enable-bare-slash-regex -enable-upcoming-feature DisableOutwardActorInference -enable-upcoming-feature InferSendableFromCaptures -enable-upcoming-feature GlobalActorIsolatedTypesUsability -enable-upcoming-feature MemberImportVisibility -enable-upcoming-feature InferIsolatedConformances -enable-upcoming-feature NonisolatedNonsendingByDefault -enable-experimental-feature DebugDescriptionMacro -sdk /Applications/Xcode.app/Contents/Developer/Platforms/iPhoneSimulator.platform/Developer/SDKs/iPhoneSimulator26.2.sdk -target arm64-apple-ios26.2-simulator -g -module-cache-path /Users/vlad/Library/Developer/Xcode/DerivedData/ModuleCache.noindex -Xfrontend -serialize-debugging-options -enable-testing -index-store-path /Users/vlad/Library/Developer/Xcode/DerivedData/TrafficMaster-bzdzracxhgtlmjfmrcrpahsiiiws/Index.noindex/DataStore -Xcc -D_LIBCPP_HARDENING_MODE\=_LIBCPP_HARDENING_MODE_DEBUG -swift-version 5 -I /Users/vlad/Library/Developer/Xcode/DerivedData/TrafficMaster-bzdzracxhgtlmjfmrcrpahsiiiws/Build/Products/Debug-iphonesimulator -F /Users/vlad/Library/Developer/Xcode/DerivedData/TrafficMaster-bzdzracxhgtlmjfmrcrpahsiiiws/Build/Products/Debug-iphonesimulator -emit-localized-strings -emit-localized-strings-path /Users/vlad/Library/Developer/Xcode/DerivedData/TrafficMaster-bzdzracxhgtlmjfmrcrpahsiiiws/Build/Intermediates.noindex/TrafficMaster.build/Debug-iphonesimulator/TrafficMaster.build/Objects-normal/arm64 -c -j11 -enable-batch-mode -incremental -Xcc -ivfsstatcache -Xcc /Users/vlad/Library/Developer/Xcode/DerivedData/SDKStatCaches.noindex/iphonesimulator26.2-23C57-7d00a8b37fbd7999ea79df8ebc024bf0.sdkstatcache -output-file-map /Users/vlad/Library/Developer/Xcode/DerivedData/TrafficMaster-bzdzracxhgtlmjfmrcrpahsiiiws/Build/Intermediates.noindex/TrafficMaster.build/Debug-iphonesimulator/TrafficMaster.build/Objects-normal/arm64/TrafficMaster-OutputFileMap.json -use-frontend-parseable-output -save-temps -no-color-diagnostics -explicit-module-build -module-cache-path /Users/vlad/Library/Developer/Xcode/DerivedData/TrafficMaster-bzdzracxhgtlmjfmrcrpahsiiiws/Build/Intermediates.noindex/SwiftExplicitPrecompiledModules -clang-scanner-module-cache-path /Users/vlad/Library/Developer/Xcode/DerivedData/ModuleCache.noindex -sdk-module-cache-path /Users/vlad/Library/Developer/Xcode/DerivedData/ModuleCache.noindex -serialize-diagnostics -emit-dependencies -emit-module -emit-module-path /Users/vlad/Library/Developer/Xcode/DerivedData/TrafficMaster-bzdzracxhgtlmjfmrcrpahsiiiws/Build/Intermediates.noindex/TrafficMaster.build/Debug-iphonesimulator/TrafficMaster.build/Objects-normal/arm64/TrafficMaster.swiftmodule -validate-clang-modules-once -clang-build-session-file /Users/vlad/Library/Developer/Xcode/DerivedData/ModuleCache.noindex/Session.modulevalidation -Xcc -I/Users/vlad/Library/Developer/Xcode/DerivedData/TrafficMaster-bzdzracxhgtlmjfmrcrpahsiiiws/Build/Intermediates.noindex/TrafficMaster.build/Debug-iphonesimulator/TrafficMaster.build/swift-overrides.hmap -emit-const-values -Xfrontend -const-gather-protocols-file -Xfrontend /Users/vlad/Library/Developer/Xcode/DerivedData/TrafficMaster-bzdzracxhgtlmjfmrcrpahsiiiws/Build/Intermediates.noindex/TrafficMaster.build/Debug-iphonesimulator/TrafficMaster.build/Objects-normal/arm64/TrafficMaster_const_extract_protocols.json -Xcc -iquote -Xcc /Users/vlad/Library/Developer/Xcode/DerivedData/TrafficMaster-bzdzracxhgtlmjfmrcrpahsiiiws/Build/Intermediates.noindex/TrafficMaster.build/Debug-iphonesimulator/TrafficMaster.build/TrafficMaster-generated-files.hmap -Xcc -I/Users/vlad/Library/Developer/Xcode/DerivedData/TrafficMaster-bzdzracxhgtlmjfmrcrpahsiiiws/Build/Intermediates.noindex/TrafficMaster.build/Debug-iphonesimulator/TrafficMaster.build/TrafficMaster-own-target-headers.hmap -Xcc -I/Users/vlad/Library/Developer/Xcode/DerivedData/TrafficMaster-bzdzracxhgtlmjfmrcrpahsiiiws/Build/Intermediates.noindex/TrafficMaster.build/Debug-iphonesimulator/TrafficMaster.build/TrafficMaster-all-target-headers.hmap -Xcc -iquote -Xcc /Users/vlad/Library/Developer/Xcode/DerivedData/TrafficMaster-bzdzracxhgtlmjfmrcrpahsiiiws/Build/Intermediates.noindex/TrafficMaster.build/Debug-iphonesimulator/TrafficMaster.build/TrafficMaster-project-headers.hmap -Xcc -I/Users/vlad/Library/Developer/Xcode/DerivedData/TrafficMaster-bzdzracxhgtlmjfmrcrpahsiiiws/Build/Products/Debug-iphonesimulator/include -Xcc -I/Users/vlad/Library/Developer/Xcode/DerivedData/TrafficMaster-bzdzracxhgtlmjfmrcrpahsiiiws/Build/Intermediates.noindex/TrafficMaster.build/Debug-iphonesimulator/TrafficMaster.build/DerivedSources-normal/arm64 -Xcc -I/Users/vlad/Library/Developer/Xcode/DerivedData/TrafficMaster-bzdzracxhgtlmjfmrcrpahsiiiws/Build/Intermediates.noindex/TrafficMaster.build/Debug-iphonesimulator/TrafficMaster.build/DerivedSources/arm64 -Xcc -I/Users/vlad/Library/Developer/Xcode/DerivedData/TrafficMaster-bzdzracxhgtlmjfmrcrpahsiiiws/Build/Intermediates.noindex/TrafficMaster.build/Debug-iphonesimulator/TrafficMaster.build/DerivedSources -Xcc -DDEBUG\=1 -emit-objc-header -emit-objc-header-path /Users/vlad/Library/Developer/Xcode/DerivedData/TrafficMaster-bzdzracxhgtlmjfmrcrpahsiiiws/Build/Intermediates.noindex/TrafficMaster.build/Debug-iphonesimulator/TrafficMaster.build/Objects-normal/arm64/TrafficMaster-Swift.h -working-directory /Users/vlad/TM/TrafficMaster -experimental-emit-module-separately -disable-cmo

Ld /Users/vlad/Library/Developer/Xcode/DerivedData/TrafficMaster-bzdzracxhgtlmjfmrcrpahsiiiws/Build/Products/Debug-iphonesimulator/TrafficMaster.app/TrafficMaster.debug.dylib normal (in target 'TrafficMaster' from project 'TrafficMaster')
    cd /Users/vlad/TM/TrafficMaster
    /Applications/Xcode.app/Contents/Developer/Toolchains/XcodeDefault.xctoolchain/usr/bin/clang -Xlinker -reproducible -target arm64-apple-ios26.2-simulator -dynamiclib -isysroot /Applications/Xcode.app/Contents/Developer/Platforms/iPhoneSimulator.platform/Developer/SDKs/iPhoneSimulator26.2.sdk -O0 -L/Users/vlad/Library/Developer/Xcode/DerivedData/TrafficMaster-bzdzracxhgtlmjfmrcrpahsiiiws/Build/Intermediates.noindex/EagerLinkingTBDs/Debug-iphonesimulator -L/Users/vlad/Library/Developer/Xcode/DerivedData/TrafficMaster-bzdzracxhgtlmjfmrcrpahsiiiws/Build/Products/Debug-iphonesimulator -F/Users/vlad/Library/Developer/Xcode/DerivedData/TrafficMaster-bzdzracxhgtlmjfmrcrpahsiiiws/Build/Intermediates.noindex/EagerLinkingTBDs/Debug-iphonesimulator -F/Users/vlad/Library/Developer/Xcode/DerivedData/TrafficMaster-bzdzracxhgtlmjfmrcrpahsiiiws/Build/Products/Debug-iphonesimulator -filelist /Users/vlad/Library/Developer/Xcode/DerivedData/TrafficMaster-bzdzracxhgtlmjfmrcrpahsiiiws/Build/Intermediates.noindex/TrafficMaster.build/Debug-iphonesimulator/TrafficMaster.build/Objects-normal/arm64/TrafficMaster.LinkFileList -install_name @rpath/TrafficMaster.debug.dylib -Xlinker -rpath -Xlinker @executable_path/Frameworks -dead_strip -Xlinker -object_path_lto -Xlinker /Users/vlad/Library/Developer/Xcode/DerivedData/TrafficMaster-bzdzracxhgtlmjfmrcrpahsiiiws/Build/Intermediates.noindex/TrafficMaster.build/Debug-iphonesimulator/TrafficMaster.build/Objects-normal/arm64/TrafficMaster_lto.o -rdynamic -Xlinker -no_deduplicate -Xlinker -objc_abi_version -Xlinker 2 -Xlinker -dependency_info -Xlinker /Users/vlad/Library/Developer/Xcode/DerivedData/TrafficMaster-bzdzracxhgtlmjfmrcrpahsiiiws/Build/Intermediates.noindex/TrafficMaster.build/Debug-iphonesimulator/TrafficMaster.build/Objects-normal/arm64/TrafficMaster_dependency_info.dat -fobjc-link-runtime -L/Applications/Xcode.app/Contents/Developer/Toolchains/XcodeDefault.xctoolchain/usr/lib/swift/iphonesimulator -L/usr/lib/swift -Xlinker -add_ast_path -Xlinker /Users/vlad/Library/Developer/Xcode/DerivedData/TrafficMaster-bzdzracxhgtlmjfmrcrpahsiiiws/Build/Intermediates.noindex/TrafficMaster.build/Debug-iphonesimulator/TrafficMaster.build/Objects-normal/arm64/TrafficMaster.swiftmodule @/Users/vlad/Library/Developer/Xcode/DerivedData/TrafficMaster-bzdzracxhgtlmjfmrcrpahsiiiws/Build/Intermediates.noindex/TrafficMaster.build/Debug-iphonesimulator/TrafficMaster.build/Objects-normal/arm64/TrafficMaster-linker-args.resp -Xlinker -alias -Xlinker _main -Xlinker ___debug_main_executable_dylib_entry_point -Xlinker -no_adhoc_codesign -o /Users/vlad/Library/Developer/Xcode/DerivedData/TrafficMaster-bzdzracxhgtlmjfmrcrpahsiiiws/Build/Products/Debug-iphonesimulator/TrafficMaster.app/TrafficMaster.debug.dylib

ConstructStubExecutorLinkFileList /Users/vlad/Library/Developer/Xcode/DerivedData/TrafficMaster-bzdzracxhgtlmjfmrcrpahsiiiws/Build/Intermediates.noindex/TrafficMaster.build/Debug-iphonesimulator/TrafficMaster.build/TrafficMaster-ExecutorLinkFileList-normal-arm64.txt (in target 'TrafficMaster' from project 'TrafficMaster')
    cd /Users/vlad/TM/TrafficMaster
    construct-stub-executor-link-file-list /Users/vlad/Library/Developer/Xcode/DerivedData/TrafficMaster-bzdzracxhgtlmjfmrcrpahsiiiws/Build/Products/Debug-iphonesimulator/TrafficMaster.app/TrafficMaster.debug.dylib /Applications/Xcode.app/Contents/Developer/Platforms/iPhoneSimulator.platform/Developer/usr/lib/libPreviewsJITStubExecutor_no_swift_entry_point.a /Applications/Xcode.app/Contents/Developer/Platforms/iPhoneSimulator.platform/Developer/usr/lib/libPreviewsJITStubExecutor.a --output /Users/vlad/Library/Developer/Xcode/DerivedData/TrafficMaster-bzdzracxhgtlmjfmrcrpahsiiiws/Build/Intermediates.noindex/TrafficMaster.build/Debug-iphonesimulator/TrafficMaster.build/TrafficMaster-ExecutorLinkFileList-normal-arm64.txt
note: Using stub executor library with Swift entry point. (in target 'TrafficMaster' from project 'TrafficMaster')

Ld /Users/vlad/Library/Developer/Xcode/DerivedData/TrafficMaster-bzdzracxhgtlmjfmrcrpahsiiiws/Build/Products/Debug-iphonesimulator/TrafficMaster.app/TrafficMaster normal (in target 'TrafficMaster' from project 'TrafficMaster')
    cd /Users/vlad/TM/TrafficMaster
    /Applications/Xcode.app/Contents/Developer/Toolchains/XcodeDefault.xctoolchain/usr/bin/clang -Xlinker -reproducible -target arm64-apple-ios26.2-simulator -isysroot /Applications/Xcode.app/Contents/Developer/Platforms/iPhoneSimulator.platform/Developer/SDKs/iPhoneSimulator26.2.sdk -O0 -L/Users/vlad/Library/Developer/Xcode/DerivedData/TrafficMaster-bzdzracxhgtlmjfmrcrpahsiiiws/Build/Products/Debug-iphonesimulator -F/Users/vlad/Library/Developer/Xcode/DerivedData/TrafficMaster-bzdzracxhgtlmjfmrcrpahsiiiws/Build/Products/Debug-iphonesimulator -Xlinker -rpath -Xlinker @executable_path -Xlinker -rpath -Xlinker @executable_path/Frameworks -rdynamic -Xlinker -no_deduplicate -Xlinker -objc_abi_version -Xlinker 2 -e ___debug_blank_executor_main -Xlinker -sectcreate -Xlinker __TEXT -Xlinker __debug_dylib -Xlinker /Users/vlad/Library/Developer/Xcode/DerivedData/TrafficMaster-bzdzracxhgtlmjfmrcrpahsiiiws/Build/Intermediates.noindex/TrafficMaster.build/Debug-iphonesimulator/TrafficMaster.build/TrafficMaster-DebugDylibPath-normal-arm64.txt -Xlinker -sectcreate -Xlinker __TEXT -Xlinker __debug_instlnm -Xlinker /Users/vlad/Library/Developer/Xcode/DerivedData/TrafficMaster-bzdzracxhgtlmjfmrcrpahsiiiws/Build/Intermediates.noindex/TrafficMaster.build/Debug-iphonesimulator/TrafficMaster.build/TrafficMaster-DebugDylibInstallName-normal-arm64.txt -Xlinker -filelist -Xlinker /Users/vlad/Library/Developer/Xcode/DerivedData/TrafficMaster-bzdzracxhgtlmjfmrcrpahsiiiws/Build/Intermediates.noindex/TrafficMaster.build/Debug-iphonesimulator/TrafficMaster.build/TrafficMaster-ExecutorLinkFileList-normal-arm64.txt -Xlinker -sectcreate -Xlinker __TEXT -Xlinker __entitlements -Xlinker /Users/vlad/Library/Developer/Xcode/DerivedData/TrafficMaster-bzdzracxhgtlmjfmrcrpahsiiiws/Build/Intermediates.noindex/TrafficMaster.build/Debug-iphonesimulator/TrafficMaster.build/TrafficMaster.app-Simulated.xcent -Xlinker -sectcreate -Xlinker __TEXT -Xlinker __ents_der -Xlinker /Users/vlad/Library/Developer/Xcode/DerivedData/TrafficMaster-bzdzracxhgtlmjfmrcrpahsiiiws/Build/Intermediates.noindex/TrafficMaster.build/Debug-iphonesimulator/TrafficMaster.build/TrafficMaster.app-Simulated.xcent.der /Users/vlad/Library/Developer/Xcode/DerivedData/TrafficMaster-bzdzracxhgtlmjfmrcrpahsiiiws/Build/Products/Debug-iphonesimulator/TrafficMaster.app/TrafficMaster.debug.dylib -Xlinker -no_adhoc_codesign -o /Users/vlad/Library/Developer/Xcode/DerivedData/TrafficMaster-bzdzracxhgtlmjfmrcrpahsiiiws/Build/Products/Debug-iphonesimulator/TrafficMaster.app/TrafficMaster

** BUILD FAILED **


The following build commands failed:
	CompileAssetCatalogVariant thinned /Users/vlad/Library/Developer/Xcode/DerivedData/TrafficMaster-bzdzracxhgtlmjfmrcrpahsiiiws/Build/Products/Debug-iphonesimulator/TrafficMaster.app /Users/vlad/TM/TrafficMaster/TrafficMaster/Assets.xcassets /Users/vlad/TM/TrafficMaster/TrafficMaster/TrafficMaster.icon (in target 'TrafficMaster' from project 'TrafficMaster')
	Building project TrafficMaster with scheme TrafficMaster
(2 failures)
